Arguments: 
  C:\Program Files\nodejs\node.exe C:\Program Files\nodejs\node_modules\yarn\bin\yarn.js add classNames

PATH: 
  C:\Python311\Scripts\;C:\Python311\;C:\Windows\system32;C:\Windows;C:\Windows\System32\Wbem;C:\Windows\System32\WindowsPowerShell\v1.0\;C:\Windows\System32\OpenSSH\;C:\Program Files\Git\cmd;C:\Users\86465\AppData\Roaming\nvm;C:\Program Files\nodejs;C:\Program Files\TortoiseGit\bin;D:\Program Files (x86)\Go\bin;D:\Program Files (x86)\Bandizip\;C:\ProgramData\chocolatey\bin;C:\Users\86465\AppData\Local\Microsoft\WindowsApps;D:\Program Files (x86)\Microsoft VS Code\bin;C:\Users\86465\go\bin;C:\Users\86465\AppData\Local\Programs\oh-my-posh\bin

Yarn version: 
  1.22.19

Node version: 
  16.17.1

Platform: 
  win32 x64

Trace: 
  Error: https://registry.npmjs.org/classNames: Not found
      at Request.params.callback [as _callback] (C:\Users\86465\AppData\Roaming\nvm\v16.17.1\node_modules\yarn\lib\cli.js:66145:18)
      at Request.self.callback (C:\Users\86465\AppData\Roaming\nvm\v16.17.1\node_modules\yarn\lib\cli.js:140890:22)
      at Request.emit (node:events:513:28)
      at Request.<anonymous> (C:\Users\86465\AppData\Roaming\nvm\v16.17.1\node_modules\yarn\lib\cli.js:141862:10)
      at Request.emit (node:events:513:28)
      at IncomingMessage.<anonymous> (C:\Users\86465\AppData\Roaming\nvm\v16.17.1\node_modules\yarn\lib\cli.js:141784:12)
      at Object.onceWrapper (node:events:627:28)
      at IncomingMessage.emit (node:events:525:35)
      at endReadableNT (node:internal/streams/readable:1358:12)
      at processTicksAndRejections (node:internal/process/task_queues:83:21)

npm manifest: 
  {
    "name": "main",
    "version": "1.0.0",
    "description": "",
    "main": "index.js",
    "scripts": {
      "dev": "vite",
      "build": "vite build"
    },
    "author": "",
    "license": "ISC",
    "devDependencies": {
      "@types/react-dom": "^18.2.7",
      "@vitejs/plugin-react": "^4.0.4",
      "i18next-xhr-backend": "^3.2.2",
      "less": "^4.2.0",
      "vite": "^4.4.9"
    },
    "dependencies": {
      "@ant-design/icons": "^5.2.6",
      "@reduxjs/toolkit": "^1.9.5",
      "antd": "^5.9.1",
      "i18next": "^23.5.1",
      "qiankun": "^2.10.13",
      "react": "^18.2.0",
      "react-dialogbox": "^1.5.0",
      "react-dom": "^18.2.0",
      "react-i18next": "^13.2.2",
      "react-redux": "^8.1.2",
      "react-router-dom": "^6.16.0",
      "redux": "^4.2.1"
    }
  }

yarn manifest: 
  No manifest

Lockfile: 
  # THIS IS AN AUTOGENERATED FILE. DO NOT EDIT THIS FILE DIRECTLY.
  # yarn lockfile v1
  
  
  "@ampproject/remapping@^2.2.0":
    version "2.2.1"
    resolved "https://registry.npmmirror.com/@ampproject/remapping/-/remapping-2.2.1.tgz#99e8e11851128b8702cd57c33684f1d0f260b630"
    integrity sha512-lFMjJTrFL3j7L9yBxwYfCq2k6qqwHyzuUl/XBnif78PWTJYyL/dfowQHWE3sp6U6ZzqWiiIZnpTMO96zhkjwtg==
    dependencies:
      "@jridgewell/gen-mapping" "^0.3.0"
      "@jridgewell/trace-mapping" "^0.3.9"
  
  "@ant-design/colors@^7.0.0":
    version "7.0.0"
    resolved "https://registry.npmmirror.com/@ant-design/colors/-/colors-7.0.0.tgz#eb7eecead124c3533aea05d61254f0a17f2b61b3"
    integrity sha512-iVm/9PfGCbC0dSMBrz7oiEXZaaGH7ceU40OJEfKmyuzR9R5CRimJYPlRiFtMQGQcbNMea/ePcoIebi4ASGYXtg==
    dependencies:
      "@ctrl/tinycolor" "^3.4.0"
  
  "@ant-design/cssinjs@^1.16.0":
    version "1.17.0"
    resolved "https://registry.npmmirror.com/@ant-design/cssinjs/-/cssinjs-1.17.0.tgz#a3f69cf5131539b76ccdbfced43d242557599fea"
    integrity sha512-MgGCZ6sfD3yQB0XW0hN4jgixMxApTlDYyct+pc7fRZNO4CaqWWm/9iXkkljNR27lyWLZmm+XiDfcIOo1bnrnMA==
    dependencies:
      "@babel/runtime" "^7.11.1"
      "@emotion/hash" "^0.8.0"
      "@emotion/unitless" "^0.7.5"
      classnames "^2.3.1"
      csstype "^3.0.10"
      rc-util "^5.35.0"
      stylis "^4.0.13"
  
  "@ant-design/icons-svg@^4.3.0":
    version "4.3.1"
    resolved "https://registry.npmmirror.com/@ant-design/icons-svg/-/icons-svg-4.3.1.tgz#4b2f65a17d4d32b526baa6414aca2117382bf8da"
    integrity sha512-4QBZg8ccyC6LPIRii7A0bZUk3+lEDCLnhB+FVsflGdcWPPmV+j3fire4AwwoqHV/BibgvBmR9ZIo4s867smv+g==
  
  "@ant-design/icons@^5.2.2", "@ant-design/icons@^5.2.6":
    version "5.2.6"
    resolved "https://registry.npmmirror.com/@ant-design/icons/-/icons-5.2.6.tgz#2d4a9a37f531eb2a20cebec01d6fb69cf593900d"
    integrity sha512-4wn0WShF43TrggskBJPRqCD0fcHbzTYjnaoskdiJrVHg86yxoZ8ZUqsXvyn4WUqehRiFKnaclOhqk9w4Ui2KVw==
    dependencies:
      "@ant-design/colors" "^7.0.0"
      "@ant-design/icons-svg" "^4.3.0"
      "@babel/runtime" "^7.11.2"
      classnames "^2.2.6"
      rc-util "^5.31.1"
  
  "@ant-design/react-slick@~1.0.0":
    version "1.0.2"
    resolved "https://registry.npmmirror.com/@ant-design/react-slick/-/react-slick-1.0.2.tgz#241bb412aeacf7ff5d50c61fa5db66773fde6b56"
    integrity sha512-Wj8onxL/T8KQLFFiCA4t8eIRGpRR+UPgOdac2sYzonv+i0n3kXHmvHLLiOYL655DQx2Umii9Y9nNgL7ssu5haQ==
    dependencies:
      "@babel/runtime" "^7.10.4"
      classnames "^2.2.5"
      json2mq "^0.2.0"
      resize-observer-polyfill "^1.5.1"
      throttle-debounce "^5.0.0"
  
  "@babel/code-frame@^7.22.13":
    version "7.22.13"
    resolved "https://registry.npmmirror.com/@babel/code-frame/-/code-frame-7.22.13.tgz#e3c1c099402598483b7a8c46a721d1038803755e"
    integrity sha512-XktuhWlJ5g+3TJXc5upd9Ks1HutSArik6jf2eAjYFyIOf4ej3RN+184cZbzDvbPnuTJIUhPKKJE3cIsYTiAT3w==
    dependencies:
      "@babel/highlight" "^7.22.13"
      chalk "^2.4.2"
  
  "@babel/compat-data@^7.22.9":
    version "7.22.20"
    resolved "https://registry.npmmirror.com/@babel/compat-data/-/compat-data-7.22.20.tgz#8df6e96661209623f1975d66c35ffca66f3306d0"
    integrity sha512-BQYjKbpXjoXwFW5jGqiizJQQT/aC7pFm9Ok1OWssonuguICi264lbgMzRp2ZMmRSlfkX6DsWDDcsrctK8Rwfiw==
  
  "@babel/core@^7.22.9":
    version "7.22.20"
    resolved "https://registry.npmmirror.com/@babel/core/-/core-7.22.20.tgz#e3d0eed84c049e2a2ae0a64d27b6a37edec385b7"
    integrity sha512-Y6jd1ahLubuYweD/zJH+vvOY141v4f9igNQAQ+MBgq9JlHS2iTsZKn1aMsb3vGccZsXI16VzTBw52Xx0DWmtnA==
    dependencies:
      "@ampproject/remapping" "^2.2.0"
      "@babel/code-frame" "^7.22.13"
      "@babel/generator" "^7.22.15"
      "@babel/helper-compilation-targets" "^7.22.15"
      "@babel/helper-module-transforms" "^7.22.20"
      "@babel/helpers" "^7.22.15"
      "@babel/parser" "^7.22.16"
      "@babel/template" "^7.22.15"
      "@babel/traverse" "^7.22.20"
      "@babel/types" "^7.22.19"
      convert-source-map "^1.7.0"
      debug "^4.1.0"
      gensync "^1.0.0-beta.2"
      json5 "^2.2.3"
      semver "^6.3.1"
  
  "@babel/generator@^7.22.15":
    version "7.22.15"
    resolved "https://registry.npmmirror.com/@babel/generator/-/generator-7.22.15.tgz#1564189c7ec94cb8f77b5e8a90c4d200d21b2339"
    integrity sha512-Zu9oWARBqeVOW0dZOjXc3JObrzuqothQ3y/n1kUtrjCoCPLkXUwMvOo/F/TCfoHMbWIFlWwpZtkZVb9ga4U2pA==
    dependencies:
      "@babel/types" "^7.22.15"
      "@jridgewell/gen-mapping" "^0.3.2"
      "@jridgewell/trace-mapping" "^0.3.17"
      jsesc "^2.5.1"
  
  "@babel/helper-compilation-targets@^7.22.15":
    version "7.22.15"
    resolved "https://registry.npmmirror.com/@babel/helper-compilation-targets/-/helper-compilation-targets-7.22.15.tgz#0698fc44551a26cf29f18d4662d5bf545a6cfc52"
    integrity sha512-y6EEzULok0Qvz8yyLkCvVX+02ic+By2UdOhylwUOvOn9dvYc9mKICJuuU1n1XBI02YWsNsnrY1kc6DVbjcXbtw==
    dependencies:
      "@babel/compat-data" "^7.22.9"
      "@babel/helper-validator-option" "^7.22.15"
      browserslist "^4.21.9"
      lru-cache "^5.1.1"
      semver "^6.3.1"
  
  "@babel/helper-environment-visitor@^7.22.20":
    version "7.22.20"
    resolved "https://registry.npmmirror.com/@babel/helper-environment-visitor/-/helper-environment-visitor-7.22.20.tgz#96159db61d34a29dba454c959f5ae4a649ba9167"
    integrity sha512-zfedSIzFhat/gFhWfHtgWvlec0nqB9YEIVrpuwjruLlXfUSnA8cJB0miHKwqDnQ7d32aKo2xt88/xZptwxbfhA==
  
  "@babel/helper-function-name@^7.22.5":
    version "7.22.5"
    resolved "https://registry.npmmirror.com/@babel/helper-function-name/-/helper-function-name-7.22.5.tgz#ede300828905bb15e582c037162f99d5183af1be"
    integrity sha512-wtHSq6jMRE3uF2otvfuD3DIvVhOsSNshQl0Qrd7qC9oQJzHvOL4qQXlQn2916+CXGywIjpGuIkoyZRRxHPiNQQ==
    dependencies:
      "@babel/template" "^7.22.5"
      "@babel/types" "^7.22.5"
  
  "@babel/helper-hoist-variables@^7.22.5":
    version "7.22.5"
    resolved "https://registry.npmmirror.com/@babel/helper-hoist-variables/-/helper-hoist-variables-7.22.5.tgz#c01a007dac05c085914e8fb652b339db50d823bb"
    integrity sha512-wGjk9QZVzvknA6yKIUURb8zY3grXCcOZt+/7Wcy8O2uctxhplmUPkOdlgoNhmdVee2c92JXbf1xpMtVNbfoxRw==
    dependencies:
      "@babel/types" "^7.22.5"
  
  "@babel/helper-module-imports@^7.22.15":
    version "7.22.15"
    resolved "https://registry.npmmirror.com/@babel/helper-module-imports/-/helper-module-imports-7.22.15.tgz#16146307acdc40cc00c3b2c647713076464bdbf0"
    integrity sha512-0pYVBnDKZO2fnSPCrgM/6WMc7eS20Fbok+0r88fp+YtWVLZrp4CkafFGIp+W0VKw4a22sgebPT99y+FDNMdP4w==
    dependencies:
      "@babel/types" "^7.22.15"
  
  "@babel/helper-module-transforms@^7.22.20":
    version "7.22.20"
    resolved "https://registry.npmmirror.com/@babel/helper-module-transforms/-/helper-module-transforms-7.22.20.tgz#da9edc14794babbe7386df438f3768067132f59e"
    integrity sha512-dLT7JVWIUUxKOs1UnJUBR3S70YK+pKX6AbJgB2vMIvEkZkrfJDbYDJesnPshtKV4LhDOR3Oc5YULeDizRek+5A==
    dependencies:
      "@babel/helper-environment-visitor" "^7.22.20"
      "@babel/helper-module-imports" "^7.22.15"
      "@babel/helper-simple-access" "^7.22.5"
      "@babel/helper-split-export-declaration" "^7.22.6"
      "@babel/helper-validator-identifier" "^7.22.20"
  
  "@babel/helper-plugin-utils@^7.22.5":
    version "7.22.5"
    resolved "https://registry.npmmirror.com/@babel/helper-plugin-utils/-/helper-plugin-utils-7.22.5.tgz#dd7ee3735e8a313b9f7b05a773d892e88e6d7295"
    integrity sha512-uLls06UVKgFG9QD4OeFYLEGteMIAa5kpTPcFL28yuCIIzsf6ZyKZMllKVOCZFhiZ5ptnwX4mtKdWCBE/uT4amg==
  
  "@babel/helper-simple-access@^7.22.5":
    version "7.22.5"
    resolved "https://registry.npmmirror.com/@babel/helper-simple-access/-/helper-simple-access-7.22.5.tgz#4938357dc7d782b80ed6dbb03a0fba3d22b1d5de"
    integrity sha512-n0H99E/K+Bika3++WNL17POvo4rKWZ7lZEp1Q+fStVbUi8nxPQEBOlTmCOxW/0JsS56SKKQ+ojAe2pHKJHN35w==
    dependencies:
      "@babel/types" "^7.22.5"
  
  "@babel/helper-split-export-declaration@^7.22.6":
    version "7.22.6"
    resolved "https://registry.npmmirror.com/@babel/helper-split-export-declaration/-/helper-split-export-declaration-7.22.6.tgz#322c61b7310c0997fe4c323955667f18fcefb91c"
    integrity sha512-AsUnxuLhRYsisFiaJwvp1QF+I3KjD5FOxut14q/GzovUe6orHLesW2C7d754kRm53h5gqrz6sFl6sxc4BVtE/g==
    dependencies:
      "@babel/types" "^7.22.5"
  
  "@babel/helper-string-parser@^7.22.5":
    version "7.22.5"
    resolved "https://registry.npmmirror.com/@babel/helper-string-parser/-/helper-string-parser-7.22.5.tgz#533f36457a25814cf1df6488523ad547d784a99f"
    integrity sha512-mM4COjgZox8U+JcXQwPijIZLElkgEpO5rsERVDJTc2qfCDfERyob6k5WegS14SX18IIjv+XD+GrqNumY5JRCDw==
  
  "@babel/helper-validator-identifier@^7.22.19", "@babel/helper-validator-identifier@^7.22.20":
    version "7.22.20"
    resolved "https://registry.npmmirror.com/@babel/helper-validator-identifier/-/helper-validator-identifier-7.22.20.tgz#c4ae002c61d2879e724581d96665583dbc1dc0e0"
    integrity sha512-Y4OZ+ytlatR8AI+8KZfKuL5urKp7qey08ha31L8b3BwewJAoJamTzyvxPR/5D+KkdJCGPq/+8TukHBlY10FX9A==
  
  "@babel/helper-validator-option@^7.22.15":
    version "7.22.15"
    resolved "https://registry.npmmirror.com/@babel/helper-validator-option/-/helper-validator-option-7.22.15.tgz#694c30dfa1d09a6534cdfcafbe56789d36aba040"
    integrity sha512-bMn7RmyFjY/mdECUbgn9eoSY4vqvacUnS9i9vGAGttgFWesO6B4CYWA7XlpbWgBt71iv/hfbPlynohStqnu5hA==
  
  "@babel/helpers@^7.22.15":
    version "7.22.15"
    resolved "https://registry.npmmirror.com/@babel/helpers/-/helpers-7.22.15.tgz#f09c3df31e86e3ea0b7ff7556d85cdebd47ea6f1"
    integrity sha512-7pAjK0aSdxOwR+CcYAqgWOGy5dcfvzsTIfFTb2odQqW47MDfv14UaJDY6eng8ylM2EaeKXdxaSWESbkmaQHTmw==
    dependencies:
      "@babel/template" "^7.22.15"
      "@babel/traverse" "^7.22.15"
      "@babel/types" "^7.22.15"
  
  "@babel/highlight@^7.22.13":
    version "7.22.20"
    resolved "https://registry.npmmirror.com/@babel/highlight/-/highlight-7.22.20.tgz#4ca92b71d80554b01427815e06f2df965b9c1f54"
    integrity sha512-dkdMCN3py0+ksCgYmGG8jKeGA/8Tk+gJwSYYlFGxG5lmhfKNoAy004YpLxpS1W2J8m/EK2Ew+yOs9pVRwO89mg==
    dependencies:
      "@babel/helper-validator-identifier" "^7.22.20"
      chalk "^2.4.2"
      js-tokens "^4.0.0"
  
  "@babel/parser@^7.22.15", "@babel/parser@^7.22.16":
    version "7.22.16"
    resolved "https://registry.npmmirror.com/@babel/parser/-/parser-7.22.16.tgz#180aead7f247305cce6551bea2720934e2fa2c95"
    integrity sha512-+gPfKv8UWeKKeJTUxe59+OobVcrYHETCsORl61EmSkmgymguYk/X5bp7GuUIXaFsc6y++v8ZxPsLSSuujqDphA==
  
  "@babel/plugin-transform-react-jsx-self@^7.22.5":
    version "7.22.5"
    resolved "https://registry.npmmirror.com/@babel/plugin-transform-react-jsx-self/-/plugin-transform-react-jsx-self-7.22.5.tgz#ca2fdc11bc20d4d46de01137318b13d04e481d8e"
    integrity sha512-nTh2ogNUtxbiSbxaT4Ds6aXnXEipHweN9YRgOX/oNXdf0cCrGn/+2LozFa3lnPV5D90MkjhgckCPBrsoSc1a7g==
    dependencies:
      "@babel/helper-plugin-utils" "^7.22.5"
  
  "@babel/plugin-transform-react-jsx-source@^7.22.5":
    version "7.22.5"
    resolved "https://registry.npmmirror.com/@babel/plugin-transform-react-jsx-source/-/plugin-transform-react-jsx-source-7.22.5.tgz#49af1615bfdf6ed9d3e9e43e425e0b2b65d15b6c"
    integrity sha512-yIiRO6yobeEIaI0RTbIr8iAK9FcBHLtZq0S89ZPjDLQXBA4xvghaKqI0etp/tF3htTM0sazJKKLz9oEiGRtu7w==
    dependencies:
      "@babel/helper-plugin-utils" "^7.22.5"
  
  "@babel/runtime@^7.10.1", "@babel/runtime@^7.10.4", "@babel/runtime@^7.10.5", "@babel/runtime@^7.11.1", "@babel/runtime@^7.11.2", "@babel/runtime@^7.12.1", "@babel/runtime@^7.12.5", "@babel/runtime@^7.16.7", "@babel/runtime@^7.18.0", "@babel/runtime@^7.18.3", "@babel/runtime@^7.20.0", "@babel/runtime@^7.20.7", "@babel/runtime@^7.21.0", "@babel/runtime@^7.22.5", "@babel/runtime@^7.5.5", "@babel/runtime@^7.7.2", "@babel/runtime@^7.9.2":
    version "7.22.15"
    resolved "https://registry.npmmirror.com/@babel/runtime/-/runtime-7.22.15.tgz#38f46494ccf6cf020bd4eed7124b425e83e523b8"
    integrity sha512-T0O+aa+4w0u06iNmapipJXMV4HoUir03hpx3/YqXXhu9xim3w+dVphjFWl1OH8NbZHw5Lbm9k45drDkgq2VNNA==
    dependencies:
      regenerator-runtime "^0.14.0"
  
  "@babel/template@^7.22.15", "@babel/template@^7.22.5":
    version "7.22.15"
    resolved "https://registry.npmmirror.com/@babel/template/-/template-7.22.15.tgz#09576efc3830f0430f4548ef971dde1350ef2f38"
    integrity sha512-QPErUVm4uyJa60rkI73qneDacvdvzxshT3kksGqlGWYdOTIUOwJ7RDUL8sGqslY1uXWSL6xMFKEXDS3ox2uF0w==
    dependencies:
      "@babel/code-frame" "^7.22.13"
      "@babel/parser" "^7.22.15"
      "@babel/types" "^7.22.15"
  
  "@babel/traverse@^7.22.15", "@babel/traverse@^7.22.20":
    version "7.22.20"
    resolved "https://registry.npmmirror.com/@babel/traverse/-/traverse-7.22.20.tgz#db572d9cb5c79e02d83e5618b82f6991c07584c9"
    integrity sha512-eU260mPZbU7mZ0N+X10pxXhQFMGTeLb9eFS0mxehS8HZp9o1uSnFeWQuG1UPrlxgA7QoUzFhOnilHDp0AXCyHw==
    dependencies:
      "@babel/code-frame" "^7.22.13"
      "@babel/generator" "^7.22.15"
      "@babel/helper-environment-visitor" "^7.22.20"
      "@babel/helper-function-name" "^7.22.5"
      "@babel/helper-hoist-variables" "^7.22.5"
      "@babel/helper-split-export-declaration" "^7.22.6"
      "@babel/parser" "^7.22.16"
      "@babel/types" "^7.22.19"
      debug "^4.1.0"
      globals "^11.1.0"
  
  "@babel/types@^7.22.15", "@babel/types@^7.22.19", "@babel/types@^7.22.5":
    version "7.22.19"
    resolved "https://registry.npmmirror.com/@babel/types/-/types-7.22.19.tgz#7425343253556916e440e662bb221a93ddb75684"
    integrity sha512-P7LAw/LbojPzkgp5oznjE6tQEIWbp4PkkfrZDINTro9zgBRtI324/EYsiSI7lhPbpIQ+DCeR2NNmMWANGGfZsg==
    dependencies:
      "@babel/helper-string-parser" "^7.22.5"
      "@babel/helper-validator-identifier" "^7.22.19"
      to-fast-properties "^2.0.0"
  
  "@ctrl/tinycolor@^3.4.0", "@ctrl/tinycolor@^3.6.0":
    version "3.6.1"
    resolved "https://registry.npmmirror.com/@ctrl/tinycolor/-/tinycolor-3.6.1.tgz#b6c75a56a1947cc916ea058772d666a2c8932f31"
    integrity sha512-SITSV6aIXsuVNV3f3O0f2n/cgyEDWoSqtZMYiAmcsYHydcKrOz3gUxB/iXd/Qf08+IZX4KpgNbvUdMBmWz+kcA==
  
  "@emotion/hash@^0.8.0":
    version "0.8.0"
    resolved "https://registry.npmmirror.com/@emotion/hash/-/hash-0.8.0.tgz#bbbff68978fefdbe68ccb533bc8cbe1d1afb5413"
    integrity sha512-kBJtf7PH6aWwZ6fka3zQ0p6SBYzx4fl1LoZXE2RrnYST9Xljm7WfKJrU4g/Xr3Beg72MLrp1AWNUmuYJTL7Cow==
  
  "@emotion/unitless@^0.7.5":
    version "0.7.5"
    resolved "https://registry.npmmirror.com/@emotion/unitless/-/unitless-0.7.5.tgz#77211291c1900a700b8a78cfafda3160d76949ed"
    integrity sha512-OWORNpfjMsSSUBVrRBVGECkhWcULOAJz9ZW8uK9qgxD+87M7jHRcvh/A96XXNhXTLmKcoYSQtBEX7lHMO7YRwg==
  
  "@esbuild/android-arm64@0.18.20":
    version "0.18.20"
    resolved "https://registry.npmmirror.com/@esbuild/android-arm64/-/android-arm64-0.18.20.tgz#984b4f9c8d0377443cc2dfcef266d02244593622"
    integrity sha512-Nz4rJcchGDtENV0eMKUNa6L12zz2zBDXuhj/Vjh18zGqB44Bi7MBMSXjgunJgjRhCmKOjnPuZp4Mb6OKqtMHLQ==
  
  "@esbuild/android-arm@0.18.20":
    version "0.18.20"
    resolved "https://registry.npmmirror.com/@esbuild/android-arm/-/android-arm-0.18.20.tgz#fedb265bc3a589c84cc11f810804f234947c3682"
    integrity sha512-fyi7TDI/ijKKNZTUJAQqiG5T7YjJXgnzkURqmGj13C6dCqckZBLdl4h7bkhHt/t0WP+zO9/zwroDvANaOqO5Sw==
  
  "@esbuild/android-x64@0.18.20":
    version "0.18.20"
    resolved "https://registry.npmmirror.com/@esbuild/android-x64/-/android-x64-0.18.20.tgz#35cf419c4cfc8babe8893d296cd990e9e9f756f2"
    integrity sha512-8GDdlePJA8D6zlZYJV/jnrRAi6rOiNaCC/JclcXpB+KIuvfBN4owLtgzY2bsxnx666XjJx2kDPUmnTtR8qKQUg==
  
  "@esbuild/darwin-arm64@0.18.20":
    version "0.18.20"
    resolved "https://registry.npmmirror.com/@esbuild/darwin-arm64/-/darwin-arm64-0.18.20.tgz#08172cbeccf95fbc383399a7f39cfbddaeb0d7c1"
    integrity sha512-bxRHW5kHU38zS2lPTPOyuyTm+S+eobPUnTNkdJEfAddYgEcll4xkT8DB9d2008DtTbl7uJag2HuE5NZAZgnNEA==
  
  "@esbuild/darwin-x64@0.18.20":
    version "0.18.20"
    resolved "https://registry.npmmirror.com/@esbuild/darwin-x64/-/darwin-x64-0.18.20.tgz#d70d5790d8bf475556b67d0f8b7c5bdff053d85d"
    integrity sha512-pc5gxlMDxzm513qPGbCbDukOdsGtKhfxD1zJKXjCCcU7ju50O7MeAZ8c4krSJcOIJGFR+qx21yMMVYwiQvyTyQ==
  
  "@esbuild/freebsd-arm64@0.18.20":
    version "0.18.20"
    resolved "https://registry.npmmirror.com/@esbuild/freebsd-arm64/-/freebsd-arm64-0.18.20.tgz#98755cd12707f93f210e2494d6a4b51b96977f54"
    integrity sha512-yqDQHy4QHevpMAaxhhIwYPMv1NECwOvIpGCZkECn8w2WFHXjEwrBn3CeNIYsibZ/iZEUemj++M26W3cNR5h+Tw==
  
  "@esbuild/freebsd-x64@0.18.20":
    version "0.18.20"
    resolved "https://registry.npmmirror.com/@esbuild/freebsd-x64/-/freebsd-x64-0.18.20.tgz#c1eb2bff03915f87c29cece4c1a7fa1f423b066e"
    integrity sha512-tgWRPPuQsd3RmBZwarGVHZQvtzfEBOreNuxEMKFcd5DaDn2PbBxfwLcj4+aenoh7ctXcbXmOQIn8HI6mCSw5MQ==
  
  "@esbuild/linux-arm64@0.18.20":
    version "0.18.20"
    resolved "https://registry.npmmirror.com/@esbuild/linux-arm64/-/linux-arm64-0.18.20.tgz#bad4238bd8f4fc25b5a021280c770ab5fc3a02a0"
    integrity sha512-2YbscF+UL7SQAVIpnWvYwM+3LskyDmPhe31pE7/aoTMFKKzIc9lLbyGUpmmb8a8AixOL61sQ/mFh3jEjHYFvdA==
  
  "@esbuild/linux-arm@0.18.20":
    version "0.18.20"
    resolved "https://registry.npmmirror.com/@esbuild/linux-arm/-/linux-arm-0.18.20.tgz#3e617c61f33508a27150ee417543c8ab5acc73b0"
    integrity sha512-/5bHkMWnq1EgKr1V+Ybz3s1hWXok7mDFUMQ4cG10AfW3wL02PSZi5kFpYKrptDsgb2WAJIvRcDm+qIvXf/apvg==
  
  "@esbuild/linux-ia32@0.18.20":
    version "0.18.20"
    resolved "https://registry.npmmirror.com/@esbuild/linux-ia32/-/linux-ia32-0.18.20.tgz#699391cccba9aee6019b7f9892eb99219f1570a7"
    integrity sha512-P4etWwq6IsReT0E1KHU40bOnzMHoH73aXp96Fs8TIT6z9Hu8G6+0SHSw9i2isWrD2nbx2qo5yUqACgdfVGx7TA==
  
  "@esbuild/linux-loong64@0.18.20":
    version "0.18.20"
    resolved "https://registry.npmmirror.com/@esbuild/linux-loong64/-/linux-loong64-0.18.20.tgz#e6fccb7aac178dd2ffb9860465ac89d7f23b977d"
    integrity sha512-nXW8nqBTrOpDLPgPY9uV+/1DjxoQ7DoB2N8eocyq8I9XuqJ7BiAMDMf9n1xZM9TgW0J8zrquIb/A7s3BJv7rjg==
  
  "@esbuild/linux-mips64el@0.18.20":
    version "0.18.20"
    resolved "https://registry.npmmirror.com/@esbuild/linux-mips64el/-/linux-mips64el-0.18.20.tgz#eeff3a937de9c2310de30622a957ad1bd9183231"
    integrity sha512-d5NeaXZcHp8PzYy5VnXV3VSd2D328Zb+9dEq5HE6bw6+N86JVPExrA6O68OPwobntbNJ0pzCpUFZTo3w0GyetQ==
  
  "@esbuild/linux-ppc64@0.18.20":
    version "0.18.20"
    resolved "https://registry.npmmirror.com/@esbuild/linux-ppc64/-/linux-ppc64-0.18.20.tgz#2f7156bde20b01527993e6881435ad79ba9599fb"
    integrity sha512-WHPyeScRNcmANnLQkq6AfyXRFr5D6N2sKgkFo2FqguP44Nw2eyDlbTdZwd9GYk98DZG9QItIiTlFLHJHjxP3FA==
  
  "@esbuild/linux-riscv64@0.18.20":
    version "0.18.20"
    resolved "https://registry.npmmirror.com/@esbuild/linux-riscv64/-/linux-riscv64-0.18.20.tgz#6628389f210123d8b4743045af8caa7d4ddfc7a6"
    integrity sha512-WSxo6h5ecI5XH34KC7w5veNnKkju3zBRLEQNY7mv5mtBmrP/MjNBCAlsM2u5hDBlS3NGcTQpoBvRzqBcRtpq1A==
  
  "@esbuild/linux-s390x@0.18.20":
    version "0.18.20"
    resolved "https://registry.npmmirror.com/@esbuild/linux-s390x/-/linux-s390x-0.18.20.tgz#255e81fb289b101026131858ab99fba63dcf0071"
    integrity sha512-+8231GMs3mAEth6Ja1iK0a1sQ3ohfcpzpRLH8uuc5/KVDFneH6jtAJLFGafpzpMRO6DzJ6AvXKze9LfFMrIHVQ==
  
  "@esbuild/linux-x64@0.18.20":
    version "0.18.20"
    resolved "https://registry.npmmirror.com/@esbuild/linux-x64/-/linux-x64-0.18.20.tgz#c7690b3417af318a9b6f96df3031a8865176d338"
    integrity sha512-UYqiqemphJcNsFEskc73jQ7B9jgwjWrSayxawS6UVFZGWrAAtkzjxSqnoclCXxWtfwLdzU+vTpcNYhpn43uP1w==
  
  "@esbuild/netbsd-x64@0.18.20":
    version "0.18.20"
    resolved "https://registry.npmmirror.com/@esbuild/netbsd-x64/-/netbsd-x64-0.18.20.tgz#30e8cd8a3dded63975e2df2438ca109601ebe0d1"
    integrity sha512-iO1c++VP6xUBUmltHZoMtCUdPlnPGdBom6IrO4gyKPFFVBKioIImVooR5I83nTew5UOYrk3gIJhbZh8X44y06A==
  
  "@esbuild/openbsd-x64@0.18.20":
    version "0.18.20"
    resolved "https://registry.npmmirror.com/@esbuild/openbsd-x64/-/openbsd-x64-0.18.20.tgz#7812af31b205055874c8082ea9cf9ab0da6217ae"
    integrity sha512-e5e4YSsuQfX4cxcygw/UCPIEP6wbIL+se3sxPdCiMbFLBWu0eiZOJ7WoD+ptCLrmjZBK1Wk7I6D/I3NglUGOxg==
  
  "@esbuild/sunos-x64@0.18.20":
    version "0.18.20"
    resolved "https://registry.npmmirror.com/@esbuild/sunos-x64/-/sunos-x64-0.18.20.tgz#d5c275c3b4e73c9b0ecd38d1ca62c020f887ab9d"
    integrity sha512-kDbFRFp0YpTQVVrqUd5FTYmWo45zGaXe0X8E1G/LKFC0v8x0vWrhOWSLITcCn63lmZIxfOMXtCfti/RxN/0wnQ==
  
  "@esbuild/win32-arm64@0.18.20":
    version "0.18.20"
    resolved "https://registry.npmmirror.com/@esbuild/win32-arm64/-/win32-arm64-0.18.20.tgz#73bc7f5a9f8a77805f357fab97f290d0e4820ac9"
    integrity sha512-ddYFR6ItYgoaq4v4JmQQaAI5s7npztfV4Ag6NrhiaW0RrnOXqBkgwZLofVTlq1daVTQNhtI5oieTvkRPfZrePg==
  
  "@esbuild/win32-ia32@0.18.20":
    version "0.18.20"
    resolved "https://registry.npmmirror.com/@esbuild/win32-ia32/-/win32-ia32-0.18.20.tgz#ec93cbf0ef1085cc12e71e0d661d20569ff42102"
    integrity sha512-Wv7QBi3ID/rROT08SABTS7eV4hX26sVduqDOTe1MvGMjNd3EjOz4b7zeexIR62GTIEKrfJXKL9LFxTYgkyeu7g==
  
  "@esbuild/win32-x64@0.18.20":
    version "0.18.20"
    resolved "https://registry.npmmirror.com/@esbuild/win32-x64/-/win32-x64-0.18.20.tgz#786c5f41f043b07afb1af37683d7c33668858f6d"
    integrity sha512-kTdfRcSiDfQca/y9QIkng02avJ+NCaQvrMejlsB3RRv5sE9rRoeBPISaZpKxHELzRxZyLvNts1P27W3wV+8geQ==
  
  "@jridgewell/gen-mapping@^0.3.0", "@jridgewell/gen-mapping@^0.3.2":
    version "0.3.3"
    resolved "https://registry.npmmirror.com/@jridgewell/gen-mapping/-/gen-mapping-0.3.3.tgz#7e02e6eb5df901aaedb08514203b096614024098"
    integrity sha512-HLhSWOLRi875zjjMG/r+Nv0oCW8umGb0BgEhyX3dDX3egwZtB8PqLnjz3yedt8R5StBrzcg4aBpnh8UA9D1BoQ==
    dependencies:
      "@jridgewell/set-array" "^1.0.1"
      "@jridgewell/sourcemap-codec" "^1.4.10"
      "@jridgewell/trace-mapping" "^0.3.9"
  
  "@jridgewell/resolve-uri@^3.1.0":
    version "3.1.1"
    resolved "https://registry.npmmirror.com/@jridgewell/resolve-uri/-/resolve-uri-3.1.1.tgz#c08679063f279615a3326583ba3a90d1d82cc721"
    integrity sha512-dSYZh7HhCDtCKm4QakX0xFpsRDqjjtZf/kjI/v3T3Nwt5r8/qz/M19F9ySyOqU94SXBmeG9ttTul+YnR4LOxFA==
  
  "@jridgewell/set-array@^1.0.1":
    version "1.1.2"
    resolved "https://registry.npmmirror.com/@jridgewell/set-array/-/set-array-1.1.2.tgz#7c6cf998d6d20b914c0a55a91ae928ff25965e72"
    integrity sha512-xnkseuNADM0gt2bs+BvhO0p78Mk762YnZdsuzFV018NoG1Sj1SCQvpSqa7XUaTam5vAGasABV9qXASMKnFMwMw==
  
  "@jridgewell/sourcemap-codec@^1.4.10", "@jridgewell/sourcemap-codec@^1.4.14":
    version "1.4.15"
    resolved "https://registry.npmmirror.com/@jridgewell/sourcemap-codec/-/sourcemap-codec-1.4.15.tgz#d7c6e6755c78567a951e04ab52ef0fd26de59f32"
    integrity sha512-eF2rxCRulEKXHTRiDrDy6erMYWqNw4LPdQ8UQA4huuxaQsVeRPFl2oM8oDGxMFhJUWZf9McpLtJasDDZb/Bpeg==
  
  "@jridgewell/trace-mapping@^0.3.17", "@jridgewell/trace-mapping@^0.3.9":
    version "0.3.19"
    resolved "https://registry.npmmirror.com/@jridgewell/trace-mapping/-/trace-mapping-0.3.19.tgz#f8a3249862f91be48d3127c3cfe992f79b4b8811"
    integrity sha512-kf37QtfW+Hwx/buWGMPcR60iF9ziHa6r/CZJIHbmcm4+0qrXiVdxegAH0F6yddEVQ7zdkjcGCgCzUu+BcbhQxw==
    dependencies:
      "@jridgewell/resolve-uri" "^3.1.0"
      "@jridgewell/sourcemap-codec" "^1.4.14"
  
  "@rc-component/color-picker@~1.4.1":
    version "1.4.1"
    resolved "https://registry.npmmirror.com/@rc-component/color-picker/-/color-picker-1.4.1.tgz#dcab0b660e9c4ed63a7582db68ed4a77c862cb93"
    integrity sha512-vh5EWqnsayZa/JwUznqDaPJz39jznx/YDbyBuVJntv735tKXKwEUZZb2jYEldOg+NKWZwtALjGMrNeGBmqFoEw==
    dependencies:
      "@babel/runtime" "^7.10.1"
      "@ctrl/tinycolor" "^3.6.0"
      classnames "^2.2.6"
      rc-util "^5.30.0"
  
  "@rc-component/context@^1.4.0":
    version "1.4.0"
    resolved "https://registry.npmmirror.com/@rc-component/context/-/context-1.4.0.tgz#dc6fb021d6773546af8f016ae4ce9aea088395e8"
    integrity sha512-kFcNxg9oLRMoL3qki0OMxK+7g5mypjgaaJp/pkOis/6rVxma9nJBF/8kCIuTYHUQNr0ii7MxqE33wirPZLJQ2w==
    dependencies:
      "@babel/runtime" "^7.10.1"
      rc-util "^5.27.0"
  
  "@rc-component/mini-decimal@^1.0.1":
    version "1.1.0"
    resolved "https://registry.npmmirror.com/@rc-component/mini-decimal/-/mini-decimal-1.1.0.tgz#7b7a362b14a0a54cb5bc6fd2b82731f29f11d9b0"
    integrity sha512-jS4E7T9Li2GuYwI6PyiVXmxTiM6b07rlD9Ge8uGZSCz3WlzcG5ZK7g5bbuKNeZ9pgUuPK/5guV781ujdVpm4HQ==
    dependencies:
      "@babel/runtime" "^7.18.0"
  
  "@rc-component/mutate-observer@^1.1.0":
    version "1.1.0"
    resolved "https://registry.npmmirror.com/@rc-component/mutate-observer/-/mutate-observer-1.1.0.tgz#ee53cc88b78aade3cd0653609215a44779386fd8"
    integrity sha512-QjrOsDXQusNwGZPf4/qRQasg7UFEj06XiCJ8iuiq/Io7CrHrgVi6Uuetw60WAMG1799v+aM8kyc+1L/GBbHSlw==
    dependencies:
      "@babel/runtime" "^7.18.0"
      classnames "^2.3.2"
      rc-util "^5.24.4"
  
  "@rc-component/portal@^1.0.0-8", "@rc-component/portal@^1.0.0-9", "@rc-component/portal@^1.0.2", "@rc-component/portal@^1.1.0", "@rc-component/portal@^1.1.1":
    version "1.1.2"
    resolved "https://registry.npmmirror.com/@rc-component/portal/-/portal-1.1.2.tgz#55db1e51d784e034442e9700536faaa6ab63fc71"
    integrity sha512-6f813C0IsasTZms08kfA8kPAGxbbkYToa8ALaiDIGGECU4i9hj8Plgbx0sNJDrey3EtHO30hmdaxtT0138xZcg==
    dependencies:
      "@babel/runtime" "^7.18.0"
      classnames "^2.3.2"
      rc-util "^5.24.4"
  
  "@rc-component/tour@~1.10.0":
    version "1.10.0"
    resolved "https://registry.npmmirror.com/@rc-component/tour/-/tour-1.10.0.tgz#b05bc327438f1c583439e2d2dcc10ec0530aea19"
    integrity sha512-voV0BKaTJbewB9LLgAHQ7tAGG7rgDkKQkZo82xw2gIk542hY+o7zwoqdN16oHhIKk7eG/xi+mdXrONT62Dt57A==
    dependencies:
      "@babel/runtime" "^7.18.0"
      "@rc-component/portal" "^1.0.0-9"
      "@rc-component/trigger" "^1.3.6"
      classnames "^2.3.2"
      rc-util "^5.24.4"
  
  "@rc-component/trigger@^1.0.4", "@rc-component/trigger@^1.15.6", "@rc-component/trigger@^1.3.6", "@rc-component/trigger@^1.5.0", "@rc-component/trigger@^1.6.2", "@rc-component/trigger@^1.7.0":
    version "1.15.6"
    resolved "https://registry.npmmirror.com/@rc-component/trigger/-/trigger-1.15.6.tgz#ccb71f16229e832e15b3869817cbe24f5e59b54c"
    integrity sha512-Tl19KaGsShf4yzqxumsXVT4c7j0l20Dxe5hgP5S0HmxyhCg3oKen28ntGavRCIPW7cl7wgsGotntqcIokgDHzg==
    dependencies:
      "@babel/runtime" "^7.18.3"
      "@rc-component/portal" "^1.1.0"
      classnames "^2.3.2"
      rc-align "^4.0.0"
      rc-motion "^2.0.0"
      rc-resize-observer "^1.3.1"
      rc-util "^5.33.0"
  
  "@reduxjs/toolkit@^1.9.5":
    version "1.9.5"
    resolved "https://registry.npmmirror.com/@reduxjs/toolkit/-/toolkit-1.9.5.tgz#d3987849c24189ca483baa7aa59386c8e52077c4"
    integrity sha512-Rt97jHmfTeaxL4swLRNPD/zV4OxTes4la07Xc4hetpUW/vc75t5m1ANyxG6ymnEQ2FsLQsoMlYB2vV1sO3m8tQ==
    dependencies:
      immer "^9.0.21"
      redux "^4.2.1"
      redux-thunk "^2.4.2"
      reselect "^4.1.8"
  
  "@remix-run/router@1.9.0":
    version "1.9.0"
    resolved "https://registry.npmmirror.com/@remix-run/router/-/router-1.9.0.tgz#9033238b41c4cbe1e961eccb3f79e2c588328cf6"
    integrity sha512-bV63itrKBC0zdT27qYm6SDZHlkXwFL1xMBuhkn+X7l0+IIhNaH5wuuvZKp6eKhCD4KFhujhfhCT1YxXW6esUIA==
  
  "@types/classnames@^2.3.1":
    version "2.3.1"
    resolved "https://registry.npmjs.org/@types/classnames/-/classnames-2.3.1.tgz#3c2467aa0f1a93f1f021e3b9bcf938bd5dfdc0dd"
    integrity sha512-zeOWb0JGBoVmlQoznvqXbE0tEC/HONsnoUNH19Hc96NFsTAwTXbTqb8FMYkru1F/iqp7a18Ws3nWJvtA1sHD1A==
    dependencies:
      classnames "*"
  
  "@types/hoist-non-react-statics@^3.3.1":
    version "3.3.1"
    resolved "https://registry.npmmirror.com/@types/hoist-non-react-statics/-/hoist-non-react-statics-3.3.1.tgz#1124aafe5118cb591977aeb1ceaaed1070eb039f"
    integrity sha512-iMIqiko6ooLrTh1joXodJK5X9xeEALT1kM5G3ZLhD3hszxBdIEd5C75U834D9mLcINgD4OyZf5uQXjkuYydWvA==
    dependencies:
      "@types/react" "*"
      hoist-non-react-statics "^3.3.0"
  
  "@types/jsdom@^21.1.2":
    version "21.1.3"
    resolved "https://registry.npmmirror.com/@types/jsdom/-/jsdom-21.1.3.tgz#a88c5dc65703e1b10b2a7839c12db49662b43ff0"
    integrity sha512-1zzqSP+iHJYV4lB3lZhNBa012pubABkj9yG/GuXuf6LZH1cSPIJBqFDrm5JX65HHt6VOnNYdTui/0ySerRbMgA==
    dependencies:
      "@types/node" "*"
      "@types/tough-cookie" "*"
      parse5 "^7.0.0"
  
  "@types/node@*":
    version "20.6.2"
    resolved "https://registry.npmmirror.com/@types/node/-/node-20.6.2.tgz#a065925409f59657022e9063275cd0b9bd7e1b12"
    integrity sha512-Y+/1vGBHV/cYk6OI1Na/LHzwnlNCAfU3ZNGrc1LdRe/LAIbdDPTTv/HU3M7yXN448aTVDq3eKRm2cg7iKLb8gw==
  
  "@types/prop-types@*":
    version "15.7.5"
    resolved "https://registry.npmmirror.com/@types/prop-types/-/prop-types-15.7.5.tgz#5f19d2b85a98e9558036f6a3cacc8819420f05cf"
    integrity sha512-JCB8C6SnDoQf0cNycqd/35A7MjcnK+ZTqE7judS6o7utxUCg6imJg3QK2qzHKszlTjcj2cn+NwMB2i96ubpj7w==
  
  "@types/react-dom@^18.2.7":
    version "18.2.7"
    resolved "https://registry.npmmirror.com/@types/react-dom/-/react-dom-18.2.7.tgz#67222a08c0a6ae0a0da33c3532348277c70abb63"
    integrity sha512-GRaAEriuT4zp9N4p1i8BDBYmEyfo+xQ3yHjJU4eiK5NDa1RmUZG+unZABUTK4/Ox/M+GaHwb6Ow8rUITrtjszA==
    dependencies:
      "@types/react" "*"
  
  "@types/react@*":
    version "18.2.21"
    resolved "https://registry.npmmirror.com/@types/react/-/react-18.2.21.tgz#774c37fd01b522d0b91aed04811b58e4e0514ed9"
    integrity sha512-neFKG/sBAwGxHgXiIxnbm3/AAVQ/cMRS93hvBpg8xYRbeQSPVABp9U2bRnPf0iI4+Ucdv3plSxKK+3CW2ENJxA==
    dependencies:
      "@types/prop-types" "*"
      "@types/scheduler" "*"
      csstype "^3.0.2"
  
  "@types/scheduler@*":
    version "0.16.3"
    resolved "https://registry.npmmirror.com/@types/scheduler/-/scheduler-0.16.3.tgz#cef09e3ec9af1d63d2a6cc5b383a737e24e6dcf5"
    integrity sha512-5cJ8CB4yAx7BH1oMvdU0Jh9lrEXyPkar6F9G/ERswkCuvP4KQZfZkSjcMbAICCpQTN4OuZn8tz0HiKv9TGZgrQ==
  
  "@types/tough-cookie@*":
    version "4.0.3"
    resolved "https://registry.npmmirror.com/@types/tough-cookie/-/tough-cookie-4.0.3.tgz#3d06b6769518450871fbc40770b7586334bdfd90"
    integrity sha512-THo502dA5PzG/sfQH+42Lw3fvmYkceefOspdCwpHRul8ik2Jv1K8I5OZz1AT3/rs46kwgMCe9bSBmDLYkkOMGg==
  
  "@types/use-sync-external-store@^0.0.3":
    version "0.0.3"
    resolved "https://registry.npmmirror.com/@types/use-sync-external-store/-/use-sync-external-store-0.0.3.tgz#b6725d5f4af24ace33b36fafd295136e75509f43"
    integrity sha512-EwmlvuaxPNej9+T4v5AuBPJa2x2UOJVdjCtDHgcDqitUeOtjnJKJ+apYjVcAoBEMjKW1VVFGZLUb5+qqa09XFA==
  
  "@vitejs/plugin-react@^4.0.4":
    version "4.0.4"
    resolved "https://registry.npmmirror.com/@vitejs/plugin-react/-/plugin-react-4.0.4.tgz#31c3f779dc534e045c4b134e7cf7b150af0a7646"
    integrity sha512-7wU921ABnNYkETiMaZy7XqpueMnpu5VxvVps13MjmCo+utBdD79sZzrApHawHtVX66cCJQQTXFcjH0y9dSUK8g==
    dependencies:
      "@babel/core" "^7.22.9"
      "@babel/plugin-transform-react-jsx-self" "^7.22.5"
      "@babel/plugin-transform-react-jsx-source" "^7.22.5"
      react-refresh "^0.14.0"
  
  ansi-styles@^3.2.1:
    version "3.2.1"
    resolved "https://registry.npmmirror.com/ansi-styles/-/ansi-styles-3.2.1.tgz#41fbb20243e50b12be0f04b8dedbf07520ce841d"
    integrity sha512-VT0ZI6kZRdTh8YyJw3SMbYm/u+NqfsAxEpWO0Pf9sq8/e94WxxOpPKx9FR1FlyCtOVDNOQ+8ntlqFxiRc+r5qA==
    dependencies:
      color-convert "^1.9.0"
  
  antd@^5.9.1:
    version "5.9.1"
    resolved "https://registry.npmmirror.com/antd/-/antd-5.9.1.tgz#ebc8c4e00718d7cf8d53213ca867a9410b0ddf91"
    integrity sha512-kMjoDCUSNLyktgz2nX0wNys6Ni3DqVLWXiEDao/TESBsqQIrqkAQAbg1q1kX7Pw8yKXcnrx6tR5Fbv+TMKB72w==
    dependencies:
      "@ant-design/colors" "^7.0.0"
      "@ant-design/cssinjs" "^1.16.0"
      "@ant-design/icons" "^5.2.2"
      "@ant-design/react-slick" "~1.0.0"
      "@babel/runtime" "^7.18.3"
      "@ctrl/tinycolor" "^3.6.0"
      "@rc-component/color-picker" "~1.4.1"
      "@rc-component/mutate-observer" "^1.1.0"
      "@rc-component/tour" "~1.10.0"
      "@rc-component/trigger" "^1.15.6"
      "@types/jsdom" "^21.1.2"
      classnames "^2.2.6"
      copy-to-clipboard "^3.2.0"
      dayjs "^1.11.1"
      qrcode.react "^3.1.0"
      rc-cascader "~3.16.0"
      rc-checkbox "~3.1.0"
      rc-collapse "~3.7.1"
      rc-dialog "~9.2.0"
      rc-drawer "~6.4.1"
      rc-dropdown "~4.1.0"
      rc-field-form "~1.38.0"
      rc-image "~7.2.0"
      rc-input "~1.1.1"
      rc-input-number "~8.0.4"
      rc-mentions "~2.7.0"
      rc-menu "~9.12.0"
      rc-motion "^2.9.0"
      rc-notification "~5.1.1"
      rc-pagination "~3.6.1"
      rc-picker "~3.14.1"
      rc-progress "~3.5.1"
      rc-rate "~2.12.0"
      rc-resize-observer "^1.3.1"
      rc-segmented "~2.2.2"
      rc-select "~14.8.1"
      rc-slider "~10.2.1"
      rc-steps "~6.0.1"
      rc-switch "~4.1.0"
      rc-table "~7.34.0"
      rc-tabs "~12.12.1"
      rc-textarea "~1.3.4"
      rc-tooltip "~6.0.1"
      rc-tree "~5.7.10"
      rc-tree-select "~5.12.1"
      rc-upload "~4.3.4"
      rc-util "^5.37.0"
      scroll-into-view-if-needed "^3.0.3"
      throttle-debounce "^5.0.0"
  
  array-tree-filter@^2.1.0:
    version "2.1.0"
    resolved "https://registry.npmmirror.com/array-tree-filter/-/array-tree-filter-2.1.0.tgz#873ac00fec83749f255ac8dd083814b4f6329190"
    integrity sha512-4ROwICNlNw/Hqa9v+rk5h22KjmzB1JGTMVKP2AKJBOCgb0yL0ASf0+YvCcLNNwquOHNX48jkeZIJ3a+oOQqKcw==
  
  async-validator@^4.1.0:
    version "4.2.5"
    resolved "https://registry.npmmirror.com/async-validator/-/async-validator-4.2.5.tgz#c96ea3332a521699d0afaaceed510a54656c6339"
    integrity sha512-7HhHjtERjqlNbZtqNqy2rckN/SpOOlmDliet+lP7k+eKZEjPk3DgyeU9lIXLdeLz0uBbbVp+9Qdow9wJWgwwfg==
  
  browserslist@^4.21.9:
    version "4.21.10"
    resolved "https://registry.npmmirror.com/browserslist/-/browserslist-4.21.10.tgz#dbbac576628c13d3b2231332cb2ec5a46e015bb0"
    integrity sha512-bipEBdZfVH5/pwrvqc+Ub0kUPVfGUhlKxbvfD+z1BDnPEO/X98ruXGA1WP5ASpAFKan7Qr6j736IacbZQuAlKQ==
    dependencies:
      caniuse-lite "^1.0.30001517"
      electron-to-chromium "^1.4.477"
      node-releases "^2.0.13"
      update-browserslist-db "^1.0.11"
  
  caniuse-lite@^1.0.30001517:
    version "1.0.30001534"
    resolved "https://registry.npmmirror.com/caniuse-lite/-/caniuse-lite-1.0.30001534.tgz#f24a9b2a6d39630bac5c132b5dff89b39a12e7dd"
    integrity sha512-vlPVrhsCS7XaSh2VvWluIQEzVhefrUQcEsQWSS5A5V+dM07uv1qHeQzAOTGIMy9i3e9bH15+muvI/UHojVgS/Q==
  
  chalk@^2.4.2:
    version "2.4.2"
    resolved "https://registry.npmmirror.com/chalk/-/chalk-2.4.2.tgz#cd42541677a54333cf541a49108c1432b44c9424"
    integrity sha512-Mti+f9lpJNcwF4tWV8/OrTTtF1gZi+f8FqlyAdouralcFWFQWF2+NgCHShjkCb+IFBLq9buZwE1xckQU4peSuQ==
    dependencies:
      ansi-styles "^3.2.1"
      escape-string-regexp "^1.0.5"
      supports-color "^5.3.0"
  
  classnames@*, classnames@2.x, classnames@^2.2.1, classnames@^2.2.3, classnames@^2.2.5, classnames@^2.2.6, classnames@^2.3.1, classnames@^2.3.2:
    version "2.3.2"
    resolved "https://registry.npmmirror.com/classnames/-/classnames-2.3.2.tgz#351d813bf0137fcc6a76a16b88208d2560a0d924"
    integrity sha512-CSbhY4cFEJRe6/GQzIk5qXZ4Jeg5pcsP7b5peFSDpffpe1cqjASH/n9UTjBwOp6XpMSTwQ8Za2K5V02ueA7Tmw==
  
  color-convert@^1.9.0:
    version "1.9.3"
    resolved "https://registry.npmmirror.com/color-convert/-/color-convert-1.9.3.tgz#bb71850690e1f136567de629d2d5471deda4c1e8"
    integrity sha512-QfAUtd+vFdAtFQcC8CCyYt1fYWxSqAiK2cSD6zDB8N3cpsEBAvRxp9zOGg6G/SHHJYAT88/az/IuDGALsNVbGg==
    dependencies:
      color-name "1.1.3"
  
  color-name@1.1.3:
    version "1.1.3"
    resolved "https://registry.npmmirror.com/color-name/-/color-name-1.1.3.tgz#a7d0558bd89c42f795dd42328f740831ca53bc25"
    integrity sha512-72fSenhMw2HZMTVHeCA9KCmpEIbzWiQsjN+BHcBbS9vr1mtt+vJjPdksIBNUmKAW8TFUDPJK5SUU3QhE9NEXDw==
  
  compute-scroll-into-view@^3.0.2:
    version "3.0.3"
    resolved "https://registry.npmmirror.com/compute-scroll-into-view/-/compute-scroll-into-view-3.0.3.tgz#c418900a5c56e2b04b885b54995df164535962b1"
    integrity sha512-nadqwNxghAGTamwIqQSG433W6OADZx2vCo3UXHNrzTRHK/htu+7+L0zhjEoaeaQVNAi3YgqWDv8+tzf0hRfR+A==
  
  convert-source-map@^1.7.0:
    version "1.9.0"
    resolved "https://registry.npmmirror.com/convert-source-map/-/convert-source-map-1.9.0.tgz#7faae62353fb4213366d0ca98358d22e8368b05f"
    integrity sha512-ASFBup0Mz1uyiIjANan1jzLQami9z1PoYSZCiiYW2FczPbenXc45FZdBZLzOT+r6+iciuEModtmCti+hjaAk0A==
  
  copy-anything@^2.0.1:
    version "2.0.6"
    resolved "https://registry.npmmirror.com/copy-anything/-/copy-anything-2.0.6.tgz#092454ea9584a7b7ad5573062b2a87f5900fc480"
    integrity sha512-1j20GZTsvKNkc4BY3NpMOM8tt///wY3FpIzozTOFO2ffuZcV61nojHXVKIy3WM+7ADCy5FVhdZYHYDdgTU0yJw==
    dependencies:
      is-what "^3.14.1"
  
  copy-to-clipboard@^3.2.0:
    version "3.3.3"
    resolved "https://registry.npmmirror.com/copy-to-clipboard/-/copy-to-clipboard-3.3.3.tgz#55ac43a1db8ae639a4bd99511c148cdd1b83a1b0"
    integrity sha512-2KV8NhB5JqC3ky0r9PMCAZKbUHSwtEo4CwCs0KXgruG43gX5PMqDEBbVU4OUzw2MuAWUfsuFmWvEKG5QRfSnJA==
    dependencies:
      toggle-selection "^1.0.6"
  
  csstype@^3.0.10, csstype@^3.0.2:
    version "3.1.2"
    resolved "https://registry.npmmirror.com/csstype/-/csstype-3.1.2.tgz#1d4bf9d572f11c14031f0436e1c10bc1f571f50b"
    integrity sha512-I7K1Uu0MBPzaFKg4nI5Q7Vs2t+3gWWW648spaF+Rg7pI9ds18Ugn+lvg4SHczUdKlHI5LWBXyqfS8+DufyBsgQ==
  
  dayjs@^1.11.1:
    version "1.11.9"
    resolved "https://registry.npmmirror.com/dayjs/-/dayjs-1.11.9.tgz#9ca491933fadd0a60a2c19f6c237c03517d71d1a"
    integrity sha512-QvzAURSbQ0pKdIye2txOzNaHmxtUBXerpY0FJsFXUMKbIZeFm5ht1LS/jFsrncjnmtv8HsG0W2g6c0zUjZWmpA==
  
  debug@^3.2.6:
    version "3.2.7"
    resolved "https://registry.npmmirror.com/debug/-/debug-3.2.7.tgz#72580b7e9145fb39b6676f9c5e5fb100b934179a"
    integrity sha512-CFjzYYAi4ThfiQvizrFQevTTXHtnCqWfe7x1AhgEscTz6ZbLbfoLRLPugTQyBth6f8ZERVUSyWHFD/7Wu4t1XQ==
    dependencies:
      ms "^2.1.1"
  
  debug@^4.1.0:
    version "4.3.4"
    resolved "https://registry.npmmirror.com/debug/-/debug-4.3.4.tgz#1319f6579357f2338d3337d2cdd4914bb5dcc865"
    integrity sha512-PRWFHuSU3eDtQJPvnNY7Jcket1j0t5OuOsFzPPzsekD52Zl8qUfFIPEiswXqIvHWGVHOgX+7G/vCNNhehwxfkQ==
    dependencies:
      ms "2.1.2"
  
  dom-align@^1.7.0:
    version "1.12.4"
    resolved "https://registry.npmmirror.com/dom-align/-/dom-align-1.12.4.tgz#3503992eb2a7cfcb2ed3b2a6d21e0b9c00d54511"
    integrity sha512-R8LUSEay/68zE5c8/3BDxiTEvgb4xZTF0RKmAHfiEVN3klfIpXfi2/QCoiWPccVQ0J/ZGdz9OjzL4uJEP/MRAw==
  
  electron-to-chromium@^1.4.477:
    version "1.4.523"
    resolved "https://registry.npmmirror.com/electron-to-chromium/-/electron-to-chromium-1.4.523.tgz#f82f99243c827df05c26776d49712cb284972df6"
    integrity sha512-9AreocSUWnzNtvLcbpng6N+GkXnCcBR80IQkxRC9Dfdyg4gaWNUPBujAHUpKkiUkoSoR9UlhA4zD/IgBklmhzg==
  
  entities@^4.4.0:
    version "4.5.0"
    resolved "https://registry.npmmirror.com/entities/-/entities-4.5.0.tgz#5d268ea5e7113ec74c4d033b79ea5a35a488fb48"
    integrity sha512-V0hjH4dGPh9Ao5p0MoRY6BVqtwCjhz6vI5LT8AJ55H+4g9/4vbHx1I54fS0XuclLhDHArPQCiMjDxjaL8fPxhw==
  
  errno@^0.1.1:
    version "0.1.8"
    resolved "https://registry.npmmirror.com/errno/-/errno-0.1.8.tgz#8bb3e9c7d463be4976ff888f76b4809ebc2e811f"
    integrity sha512-dJ6oBr5SQ1VSd9qkk7ByRgb/1SH4JZjCHSW/mr63/QcXO9zLVxvJ6Oy13nio03rxpSnVDDjFor75SjVeZWPW/A==
    dependencies:
      prr "~1.0.1"
  
  esbuild@^0.18.10:
    version "0.18.20"
    resolved "https://registry.npmmirror.com/esbuild/-/esbuild-0.18.20.tgz#4709f5a34801b43b799ab7d6d82f7284a9b7a7a6"
    integrity sha512-ceqxoedUrcayh7Y7ZX6NdbbDzGROiyVBgC4PriJThBKSVPWnnFHZAkfI1lJT8QFkOwH4qOS2SJkS4wvpGl8BpA==
    optionalDependencies:
      "@esbuild/android-arm" "0.18.20"
      "@esbuild/android-arm64" "0.18.20"
      "@esbuild/android-x64" "0.18.20"
      "@esbuild/darwin-arm64" "0.18.20"
      "@esbuild/darwin-x64" "0.18.20"
      "@esbuild/freebsd-arm64" "0.18.20"
      "@esbuild/freebsd-x64" "0.18.20"
      "@esbuild/linux-arm" "0.18.20"
      "@esbuild/linux-arm64" "0.18.20"
      "@esbuild/linux-ia32" "0.18.20"
      "@esbuild/linux-loong64" "0.18.20"
      "@esbuild/linux-mips64el" "0.18.20"
      "@esbuild/linux-ppc64" "0.18.20"
      "@esbuild/linux-riscv64" "0.18.20"
      "@esbuild/linux-s390x" "0.18.20"
      "@esbuild/linux-x64" "0.18.20"
      "@esbuild/netbsd-x64" "0.18.20"
      "@esbuild/openbsd-x64" "0.18.20"
      "@esbuild/sunos-x64" "0.18.20"
      "@esbuild/win32-arm64" "0.18.20"
      "@esbuild/win32-ia32" "0.18.20"
      "@esbuild/win32-x64" "0.18.20"
  
  escalade@^3.1.1:
    version "3.1.1"
    resolved "https://registry.npmmirror.com/escalade/-/escalade-3.1.1.tgz#d8cfdc7000965c5a0174b4a82eaa5c0552742e40"
    integrity sha512-k0er2gUkLf8O0zKJiAhmkTnJlTvINGv7ygDNPbeIsX/TJjGJZHuh9B2UxbsaEkmlEo9MfhrSzmhIlhRlI2GXnw==
  
  escape-string-regexp@^1.0.5:
    version "1.0.5"
    resolved "https://registry.npmmirror.com/escape-string-regexp/-/escape-string-regexp-1.0.5.tgz#1b61c0562190a8dff6ae3bb2cf0200ca130b86d4"
    integrity sha512-vbRorB5FUQWvla16U8R/qgaFIya2qGzwDrNmCZuYKrbdSUMG6I1ZCGQRefkRVhuOkIGVne7BQ35DSfo1qvJqFg==
  
  fsevents@~2.3.2:
    version "2.3.3"
    resolved "https://registry.npmmirror.com/fsevents/-/fsevents-2.3.3.tgz#cac6407785d03675a2a5e1a5305c697b347d90d6"
    integrity sha512-5xoDfX+fL7faATnagmWPpbFtwh/R77WmMMqqHGS65C3vvB0YHrgF+B1YmZ3441tMj5n63k0212XNoJwzlhffQw==
  
  gensync@^1.0.0-beta.2:
    version "1.0.0-beta.2"
    resolved "https://registry.npmmirror.com/gensync/-/gensync-1.0.0-beta.2.tgz#32a6ee76c3d7f52d46b2b1ae5d93fea8580a25e0"
    integrity sha512-3hN7NaskYvMDLQY55gnW3NQ+mesEAepTqlg+VEbj7zzqEMBVNhzcGYYeqFo/TlYz6eQiFcp1HcsCZO+nGgS8zg==
  
  globals@^11.1.0:
    version "11.12.0"
    resolved "https://registry.npmmirror.com/globals/-/globals-11.12.0.tgz#ab8795338868a0babd8525758018c2a7eb95c42e"
    integrity sha512-WOBp/EEGUiIsJSp7wcv/y6MO+lV9UoncWqxuFfm8eBwzWNgyfBd6Gz+IeKQ9jCmyhoH99g15M3T+QaVHFjizVA==
  
  graceful-fs@^4.1.2:
    version "4.2.11"
    resolved "https://registry.npmmirror.com/graceful-fs/-/graceful-fs-4.2.11.tgz#4183e4e8bf08bb6e05bbb2f7d2e0c8f712ca40e3"
    integrity sha512-RbJ5/jmFcNNCcDV5o9eTnBLJ/HszWV0P73bc+Ff4nS/rJj+YaS6IGyiOL0VoBYX+l1Wrl3k63h/KrH+nhJ0XvQ==
  
  has-flag@^3.0.0:
    version "3.0.0"
    resolved "https://registry.npmmirror.com/has-flag/-/has-flag-3.0.0.tgz#b5d454dc2199ae225699f3467e5a07f3b955bafd"
    integrity sha512-sKJf1+ceQBr4SMkvQnBDNDtf4TXpVhVGateu0t918bl30FnbE2m4vNLX+VWe/dpjlb+HugGYzW7uQXH98HPEYw==
  
  hoist-non-react-statics@^3.3.0, hoist-non-react-statics@^3.3.2:
    version "3.3.2"
    resolved "https://registry.npmmirror.com/hoist-non-react-statics/-/hoist-non-react-statics-3.3.2.tgz#ece0acaf71d62c2969c2ec59feff42a4b1a85b45"
    integrity sha512-/gGivxi8JPKWNm/W0jSmzcMPpfpPLc3dY/6GxhX2hQ9iGj3aDfklV4ET7NjKpSinLpJ5vafa9iiGIEZg10SfBw==
    dependencies:
      react-is "^16.7.0"
  
  html-parse-stringify@^3.0.1:
    version "3.0.1"
    resolved "https://registry.npmmirror.com/html-parse-stringify/-/html-parse-stringify-3.0.1.tgz#dfc1017347ce9f77c8141a507f233040c59c55d2"
    integrity sha512-KknJ50kTInJ7qIScF3jeaFRpMpE8/lfiTdzf/twXyPBLAGrLRTmkz3AdTnKeh40X8k9L2fdYwEp/42WGXIRGcg==
    dependencies:
      void-elements "3.1.0"
  
  i18next-xhr-backend@^3.2.2:
    version "3.2.2"
    resolved "https://registry.npmmirror.com/i18next-xhr-backend/-/i18next-xhr-backend-3.2.2.tgz#769124441461b085291f539d91864e3691199178"
    integrity sha512-OtRf2Vo3IqAxsttQbpjYnmMML12IMB5e0fc5B7qKJFLScitYaXa1OhMX0n0X/3vrfFlpHL9Ro/H+ps4Ej2j7QQ==
    dependencies:
      "@babel/runtime" "^7.5.5"
  
  i18next@^23.5.1:
    version "23.5.1"
    resolved "https://registry.npmmirror.com/i18next/-/i18next-23.5.1.tgz#7f7c35ffaa907618d9489f106d5006b09fbca3d3"
    integrity sha512-JelYzcaCoFDaa+Ysbfz2JsGAKkrHiMG6S61+HLBUEIPaF40WMwW9hCPymlQGrP+wWawKxKPuSuD71WZscCsWHg==
    dependencies:
      "@babel/runtime" "^7.22.5"
  
  iconv-lite@^0.6.3:
    version "0.6.3"
    resolved "https://registry.npmmirror.com/iconv-lite/-/iconv-lite-0.6.3.tgz#a52f80bf38da1952eb5c681790719871a1a72501"
    integrity sha512-4fCk79wshMdzMp2rH06qWrJE4iolqLhCUH+OiuIgU++RB0+94NlDL81atO7GX55uUKueo0txHNtvEyI6D7WdMw==
    dependencies:
      safer-buffer ">= 2.1.2 < 3.0.0"
  
  image-size@~0.5.0:
    version "0.5.5"
    resolved "https://registry.npmmirror.com/image-size/-/image-size-0.5.5.tgz#09dfd4ab9d20e29eb1c3e80b8990378df9e3cb9c"
    integrity sha512-6TDAlDPZxUFCv+fuOkIoXT/V/f3Qbq8e37p+YOiYrUv3v9cc3/6x78VdfPgFVaB9dZYeLUfKgHRebpkm/oP2VQ==
  
  immer@^9.0.21:
    version "9.0.21"
    resolved "https://registry.npmmirror.com/immer/-/immer-9.0.21.tgz#1e025ea31a40f24fb064f1fef23e931496330176"
    integrity sha512-bc4NBHqOqSfRW7POMkHd51LvClaeMXpm8dx0e8oE2GORbq5aRK7Bxl4FyzVLdGtLmvLKL7BTDBG5ACQm4HWjTA==
  
  import-html-entry@^1.14.6:
    version "1.15.1"
    resolved "https://registry.npmmirror.com/import-html-entry/-/import-html-entry-1.15.1.tgz#7b6410f3c9fdb15745415e78df109f1a8bb53ed9"
    integrity sha512-flVVS3lQTaHUUEF/zByio0WHdJRMNwT/1sI48/ps9VVGWNn+oE1wuX+fBRZkXLKAeggVVmfU41MpgNnZ7I9nRg==
    dependencies:
      "@babel/runtime" "^7.7.2"
  
  is-what@^3.14.1:
    version "3.14.1"
    resolved "https://registry.npmmirror.com/is-what/-/is-what-3.14.1.tgz#e1222f46ddda85dead0fd1c9df131760e77755c1"
    integrity sha512-sNxgpk9793nzSs7bA6JQJGeIuRBQhAaNGG77kzYQgMkrID+lS6SlK07K5LaptscDlSaIgH+GPFzf+d75FVxozA==
  
  "js-tokens@^3.0.0 || ^4.0.0", js-tokens@^4.0.0:
    version "4.0.0"
    resolved "https://registry.npmmirror.com/js-tokens/-/js-tokens-4.0.0.tgz#19203fb59991df98e3a287050d4647cdeaf32499"
    integrity sha512-RdJUflcE3cUzKiMqQgsCu06FPu9UdIJO0beYbPhHN4k6apgJtifcoCtT9bcxOpYBtpD2kCM6Sbzg4CausW/PKQ==
  
  jsesc@^2.5.1:
    version "2.5.2"
    resolved "https://registry.npmmirror.com/jsesc/-/jsesc-2.5.2.tgz#80564d2e483dacf6e8ef209650a67df3f0c283a4"
    integrity sha512-OYu7XEzjkCQ3C5Ps3QIZsQfNpqoJyZZA99wd9aWd05NCtC5pWOkShK2mkL6HXQR6/Cy2lbNdPlZBpuQHXE63gA==
  
  json2mq@^0.2.0:
    version "0.2.0"
    resolved "https://registry.npmmirror.com/json2mq/-/json2mq-0.2.0.tgz#b637bd3ba9eabe122c83e9720483aeb10d2c904a"
    integrity sha512-SzoRg7ux5DWTII9J2qkrZrqV1gt+rTaoufMxEzXbS26Uid0NwaJd123HcoB80TgubEppxxIGdNxCx50fEoEWQA==
    dependencies:
      string-convert "^0.2.0"
  
  json5@^2.2.3:
    version "2.2.3"
    resolved "https://registry.npmmirror.com/json5/-/json5-2.2.3.tgz#78cd6f1a19bdc12b73db5ad0c61efd66c1e29283"
    integrity sha512-XmOWe7eyHYH14cLdVPoyg+GOH3rYX++KpzrylJwSW98t3Nk+U8XOl8FWKOgwtzdb8lXGf6zYwDUzeHMWfxasyg==
  
  less@^4.2.0:
    version "4.2.0"
    resolved "https://registry.npmmirror.com/less/-/less-4.2.0.tgz#cbefbfaa14a4cd388e2099b2b51f956e1465c450"
    integrity sha512-P3b3HJDBtSzsXUl0im2L7gTO5Ubg8mEN6G8qoTS77iXxXX4Hvu4Qj540PZDvQ8V6DmX6iXo98k7Md0Cm1PrLaA==
    dependencies:
      copy-anything "^2.0.1"
      parse-node-version "^1.0.1"
      tslib "^2.3.0"
    optionalDependencies:
      errno "^0.1.1"
      graceful-fs "^4.1.2"
      image-size "~0.5.0"
      make-dir "^2.1.0"
      mime "^1.4.1"
      needle "^3.1.0"
      source-map "~0.6.0"
  
  lodash@^4.17.11:
    version "4.17.21"
    resolved "https://registry.npmmirror.com/lodash/-/lodash-4.17.21.tgz#679591c564c3bffaae8454cf0b3df370c3d6911c"
    integrity sha512-v2kDEe57lecTulaDIuNTPy3Ry4gLGJ6Z1O3vE1krgXZNrsQ+LFTGHVxVjcXPs17LhbZVGedAJv8XZ1tvj5FvSg==
  
  loose-envify@^1.1.0:
    version "1.4.0"
    resolved "https://registry.npmmirror.com/loose-envify/-/loose-envify-1.4.0.tgz#71ee51fa7be4caec1a63839f7e682d8132d30caf"
    integrity sha512-lyuxPGr/Wfhrlem2CL/UcnUc1zcqKAImBDzukY7Y5F/yQiNdko6+fRLevlw1HgMySw7f611UIY408EtxRSoK3Q==
    dependencies:
      js-tokens "^3.0.0 || ^4.0.0"
  
  lru-cache@^5.1.1:
    version "5.1.1"
    resolved "https://registry.npmmirror.com/lru-cache/-/lru-cache-5.1.1.tgz#1da27e6710271947695daf6848e847f01d84b920"
    integrity sha512-KpNARQA3Iwv+jTA0utUVVbrh+Jlrr1Fv0e56GGzAFOXN7dk/FviaDW8LHmK52DlcH4WP2n6gI8vN1aesBFgo9w==
    dependencies:
      yallist "^3.0.2"
  
  make-dir@^2.1.0:
    version "2.1.0"
    resolved "https://registry.npmmirror.com/make-dir/-/make-dir-2.1.0.tgz#5f0310e18b8be898cc07009295a30ae41e91e6f5"
    integrity sha512-LS9X+dc8KLxXCb8dni79fLIIUA5VyZoyjSMCwTluaXA0o27cCK0bhXkpgw+sTXVpPy/lSO57ilRixqk0vDmtRA==
    dependencies:
      pify "^4.0.1"
      semver "^5.6.0"
  
  mime@^1.4.1:
    version "1.6.0"
    resolved "https://registry.npmmirror.com/mime/-/mime-1.6.0.tgz#32cd9e5c64553bd58d19a568af452acff04981b1"
    integrity sha512-x0Vn8spI+wuJ1O6S7gnbaQg8Pxh4NNHb7KSINmEWKiPE4RKOplvijn+NkmYmmRgP68mc70j2EbeTFRsrswaQeg==
  
  ms@2.1.2:
    version "2.1.2"
    resolved "https://registry.npmmirror.com/ms/-/ms-2.1.2.tgz#d09d1f357b443f493382a8eb3ccd183872ae6009"
    integrity sha512-sGkPx+VjMtmA6MX27oA4FBFELFCZZ4S4XqeGOXCv68tT+jb3vk/RyaKWP0PTKyWtmLSM0b+adUTEvbs1PEaH2w==
  
  ms@^2.1.1:
    version "2.1.3"
    resolved "https://registry.npmmirror.com/ms/-/ms-2.1.3.tgz#574c8138ce1d2b5861f0b44579dbadd60c6615b2"
    integrity sha512-6FlzubTLZG3J2a/NVCAleEhjzq5oxgHyaCU9yYXvcLsvoVaHJq/s5xXI6/XXP6tz7R9xAOtHnSO/tXtF3WRTlA==
  
  nanoid@^3.3.6:
    version "3.3.6"
    resolved "https://registry.npmmirror.com/nanoid/-/nanoid-3.3.6.tgz#443380c856d6e9f9824267d960b4236ad583ea4c"
    integrity sha512-BGcqMMJuToF7i1rt+2PWSNVnWIkGCU78jBG3RxO/bZlnZPK2Cmi2QaffxGO/2RvWi9sL+FAiRiXMgsyxQ1DIDA==
  
  needle@^3.1.0:
    version "3.2.0"
    resolved "https://registry.npmmirror.com/needle/-/needle-3.2.0.tgz#07d240ebcabfd65c76c03afae7f6defe6469df44"
    integrity sha512-oUvzXnyLiVyVGoianLijF9O/RecZUf7TkBfimjGrLM4eQhXyeJwM6GeAWccwfQ9aa4gMCZKqhAOuLaMIcQxajQ==
    dependencies:
      debug "^3.2.6"
      iconv-lite "^0.6.3"
      sax "^1.2.4"
  
  node-releases@^2.0.13:
    version "2.0.13"
    resolved "https://registry.npmmirror.com/node-releases/-/node-releases-2.0.13.tgz#d5ed1627c23e3461e819b02e57b75e4899b1c81d"
    integrity sha512-uYr7J37ae/ORWdZeQ1xxMJe3NtdmqMC/JZK+geofDrkLUApKRHPd18/TxtBOJ4A0/+uUIliorNrfYV6s1b02eQ==
  
  parse-node-version@^1.0.1:
    version "1.0.1"
    resolved "https://registry.npmmirror.com/parse-node-version/-/parse-node-version-1.0.1.tgz#e2b5dbede00e7fa9bc363607f53327e8b073189b"
    integrity sha512-3YHlOa/JgH6Mnpr05jP9eDG254US9ek25LyIxZlDItp2iJtwyaXQb57lBYLdT3MowkUFYEV2XXNAYIPlESvJlA==
  
  parse5@^7.0.0:
    version "7.1.2"
    resolved "https://registry.npmmirror.com/parse5/-/parse5-7.1.2.tgz#0736bebbfd77793823240a23b7fc5e010b7f8e32"
    integrity sha512-Czj1WaSVpaoj0wbhMzLmWD69anp2WH7FXMB9n1Sy8/ZFF9jolSQVMu1Ij5WIyGmcBmhk7EOndpO4mIpihVqAXw==
    dependencies:
      entities "^4.4.0"
  
  picocolors@^1.0.0:
    version "1.0.0"
    resolved "https://registry.npmmirror.com/picocolors/-/picocolors-1.0.0.tgz#cb5bdc74ff3f51892236eaf79d68bc44564ab81c"
    integrity sha512-1fygroTLlHu66zi26VoTDv8yRgm0Fccecssto+MhsZ0D/DGW2sm8E8AjW7NU5VVTRt5GxbeZ5qBuJr+HyLYkjQ==
  
  pify@^4.0.1:
    version "4.0.1"
    resolved "https://registry.npmmirror.com/pify/-/pify-4.0.1.tgz#4b2cd25c50d598735c50292224fd8c6df41e3231"
    integrity sha512-uB80kBFb/tfd68bVleG9T5GGsGPjJrLAUpR5PZIrhBnIaRTQRjqdJSsIKkOP6OAIFbj7GOrcudc5pNjZ+geV2g==
  
  postcss@^8.4.27:
    version "8.4.29"
    resolved "https://registry.npmmirror.com/postcss/-/postcss-8.4.29.tgz#33bc121cf3b3688d4ddef50be869b2a54185a1dd"
    integrity sha512-cbI+jaqIeu/VGqXEarWkRCCffhjgXc0qjBtXpqJhTBohMUjUQnbBr0xqX3vEKudc4iviTewcJo5ajcec5+wdJw==
    dependencies:
      nanoid "^3.3.6"
      picocolors "^1.0.0"
      source-map-js "^1.0.2"
  
  prr@~1.0.1:
    version "1.0.1"
    resolved "https://registry.npmmirror.com/prr/-/prr-1.0.1.tgz#d3fc114ba06995a45ec6893f484ceb1d78f5f476"
    integrity sha512-yPw4Sng1gWghHQWj0B3ZggWUm4qVbPwPFcRG8KyxiU7J2OHFSoEHKS+EZ3fv5l1t9CyCiop6l/ZYeWbrgoQejw==
  
  qiankun@^2.10.13:
    version "2.10.13"
    resolved "https://registry.npmmirror.com/qiankun/-/qiankun-2.10.13.tgz#4b3e9315127bd1e2646382fd6b2b7f029e130477"
    integrity sha512-US861R2do2DMCU/BT1TEa3ccFHfCJtcu9Qs7Ytxax8sLNtPQLZpzBW3Itt9XjhBwL8q4F6nMg8WzYl/qczGT4Q==
    dependencies:
      "@babel/runtime" "^7.10.5"
      import-html-entry "^1.14.6"
      lodash "^4.17.11"
      single-spa "^5.9.2"
  
  qrcode.react@^3.1.0:
    version "3.1.0"
    resolved "https://registry.npmmirror.com/qrcode.react/-/qrcode.react-3.1.0.tgz#5c91ddc0340f768316fbdb8fff2765134c2aecd8"
    integrity sha512-oyF+Urr3oAMUG/OiOuONL3HXM+53wvuH3mtIWQrYmsXoAq0DkvZp2RYUWFSMFtbdOpuS++9v+WAkzNVkMlNW6Q==
  
  rc-align@^4.0.0:
    version "4.0.15"
    resolved "https://registry.npmmirror.com/rc-align/-/rc-align-4.0.15.tgz#2bbd665cf85dfd0b0244c5a752b07565e9098577"
    integrity sha512-wqJtVH60pka/nOX7/IspElA8gjPNQKIx/ZqJ6heATCkXpe1Zg4cPVrMD2vC96wjsFFL8WsmhPbx9tdMo1qqlIA==
    dependencies:
      "@babel/runtime" "^7.10.1"
      classnames "2.x"
      dom-align "^1.7.0"
      rc-util "^5.26.0"
      resize-observer-polyfill "^1.5.1"
  
  rc-cascader@~3.16.0:
    version "3.16.0"
    resolved "https://registry.npmmirror.com/rc-cascader/-/rc-cascader-3.16.0.tgz#baba55510f8411f6dc1bf0432714c9618be77c07"
    integrity sha512-c62glOhm66T0/Y8vOfIgZwHHTbqCyC7FvBTcNDuwbXZc8Dfbz6fB1yIuCB55z5rPA7nsUfMyNNuS8shReZWM+A==
    dependencies:
      "@babel/runtime" "^7.12.5"
      array-tree-filter "^2.1.0"
      classnames "^2.3.1"
      rc-select "~14.8.0"
      rc-tree "~5.7.0"
      rc-util "^5.35.0"
  
  rc-checkbox@~3.1.0:
    version "3.1.0"
    resolved "https://registry.npmmirror.com/rc-checkbox/-/rc-checkbox-3.1.0.tgz#6be0d9d8de2cc96fb5e37f9036a1c3e360d0a42d"
    integrity sha512-PAwpJFnBa3Ei+5pyqMMXdcKYKNBMS+TvSDiLdDnARnMJHC8ESxwPfm4Ao1gJiKtWLdmGfigascnCpwrHFgoOBQ==
    dependencies:
      "@babel/runtime" "^7.10.1"
      classnames "^2.3.2"
      rc-util "^5.25.2"
  
  rc-collapse@~3.7.1:
    version "3.7.1"
    resolved "https://registry.npmmirror.com/rc-collapse/-/rc-collapse-3.7.1.tgz#bda1f7f80adccf3433c1c15d4d9f9ca09910c727"
    integrity sha512-N/7ejyiTf3XElNJBBpxqnZBUuMsQWEOPjB2QkfNvZ/Ca54eAvJXuOD1EGbCWCk2m7v/MSxku7mRpdeaLOCd4Gg==
    dependencies:
      "@babel/runtime" "^7.10.1"
      classnames "2.x"
      rc-motion "^2.3.4"
      rc-util "^5.27.0"
  
  rc-dialog@~9.2.0:
    version "9.2.0"
    resolved "https://registry.npmmirror.com/rc-dialog/-/rc-dialog-9.2.0.tgz#94236a410a3698f2aefcb34e49cec8f7064c7235"
    integrity sha512-dL2tklMou/QfK77+0CTH3FTnKCvIiYv9Df7PfFfg8YVXhYAGmuIkV4ooQYHAIR4juL3Ywcm5oQflF2vDDuGlUg==
    dependencies:
      "@babel/runtime" "^7.10.1"
      "@rc-component/portal" "^1.0.0-8"
      classnames "^2.2.6"
      rc-motion "^2.3.0"
      rc-util "^5.21.0"
  
  rc-drawer@~6.4.1:
    version "6.4.1"
    resolved "https://registry.npmmirror.com/rc-drawer/-/rc-drawer-6.4.1.tgz#823b0072c1b50136ea9d35b37dd21cffcbdaf96d"
    integrity sha512-QIbNMjiZy322o9uEpJHsSZ5rS/zuxqam3lYVPDzjztoqsoDzTNNxWN77QVpOfQ0UC9/87+qu25zocJ+O9bK2Tg==
    dependencies:
      "@babel/runtime" "^7.10.1"
      "@rc-component/portal" "^1.1.1"
      classnames "^2.2.6"
      rc-motion "^2.6.1"
      rc-util "^5.36.0"
  
  rc-dropdown@~4.1.0:
    version "4.1.0"
    resolved "https://registry.npmmirror.com/rc-dropdown/-/rc-dropdown-4.1.0.tgz#418a68939631520de80d0865d02b440eeeb4168e"
    integrity sha512-VZjMunpBdlVzYpEdJSaV7WM7O0jf8uyDjirxXLZRNZ+tAC+NzD3PXPEtliFwGzVwBBdCmGuSqiS9DWcOLxQ9tw==
    dependencies:
      "@babel/runtime" "^7.18.3"
      "@rc-component/trigger" "^1.7.0"
      classnames "^2.2.6"
      rc-util "^5.17.0"
  
  rc-field-form@~1.38.0:
    version "1.38.0"
    resolved "https://registry.npmmirror.com/rc-field-form/-/rc-field-form-1.38.0.tgz#b567041c675c99feeece7efb71047c3e4131bb23"
    integrity sha512-erYxHL6s382MShbAlP5kquQETqulZII0uJmhjtIwkIGqPowJDrQeoey43notZFhVjeJDtznoJlBzVjiVN99w8g==
    dependencies:
      "@babel/runtime" "^7.18.0"
      async-validator "^4.1.0"
      rc-util "^5.32.2"
  
  rc-image@~7.2.0:
    version "7.2.0"
    resolved "https://registry.npmmirror.com/rc-image/-/rc-image-7.2.0.tgz#81feabf9b381b0f10f362f1e35d66f7ddb400ab2"
    integrity sha512-5Ug2hCVl6VcT0osR5XaZQ4zclTMEWPnbn3b4/TS/MR1QjRpEACLNFUzBGwr5mbAVhzvLWX5YZf4vO10xUA5IUA==
    dependencies:
      "@babel/runtime" "^7.11.2"
      "@rc-component/portal" "^1.0.2"
      classnames "^2.2.6"
      rc-dialog "~9.2.0"
      rc-motion "^2.6.2"
      rc-util "^5.34.1"
  
  rc-input-number@~8.0.4:
    version "8.0.4"
    resolved "https://registry.npmmirror.com/rc-input-number/-/rc-input-number-8.0.4.tgz#d33cfe4126e10f4771fe11a40797222c76d6598f"
    integrity sha512-TP+G5b7mZtbwXJ/YEZXF/OgbEZ6iqD4+RSuxZJ8VGKGXDcdt0FKIvpFoNQr/knspdFC4OxA0OfsWfFWfN4XSyA==
    dependencies:
      "@babel/runtime" "^7.10.1"
      "@rc-component/mini-decimal" "^1.0.1"
      classnames "^2.2.5"
      rc-input "~1.1.0"
      rc-util "^5.28.0"
  
  rc-input@~1.1.0, rc-input@~1.1.1:
    version "1.1.1"
    resolved "https://registry.npmmirror.com/rc-input/-/rc-input-1.1.1.tgz#af33b49272220f6d42852d21b22e84c2dc1a87e6"
    integrity sha512-NTR1Z4em681L8/ewb2KR80RykSmN8I2mzqzJDCoUmTrV1BB9Hk5d7ha4TnfgdEPPL148N+603sW2LExSXk1IbA==
    dependencies:
      "@babel/runtime" "^7.11.1"
      classnames "^2.2.1"
      rc-util "^5.18.1"
  
  rc-mentions@~2.7.0:
    version "2.7.0"
    resolved "https://registry.npmmirror.com/rc-mentions/-/rc-mentions-2.7.0.tgz#d9bbed62696cfd0f21b20abc03b4c5cc4c01445b"
    integrity sha512-tn0x79cpnVYP+MA+jyBqalmEni9Ct7xHuA9QHIf5vwd25FU+hngGZ8n6Dfua7XCr4LhkZYjfD/rZTGrvY2C1Xg==
    dependencies:
      "@babel/runtime" "^7.22.5"
      "@rc-component/trigger" "^1.5.0"
      classnames "^2.2.6"
      rc-input "~1.1.0"
      rc-menu "~9.12.0"
      rc-textarea "~1.3.0"
      rc-util "^5.34.1"
  
  rc-menu@~9.12.0:
    version "9.12.0"
    resolved "https://registry.npmmirror.com/rc-menu/-/rc-menu-9.12.0.tgz#4d5c9c57a7658d50256a4000c3bc6260021c7541"
    integrity sha512-Apr/fRf5EcqWJ4nphHV6dTGZcLPaPzwY44q9hAtLJysY4rkC9Eg+ekj3uFx6opPWVruV2sJNWq/Po+HHtO48CA==
    dependencies:
      "@babel/runtime" "^7.10.1"
      "@rc-component/trigger" "^1.6.2"
      classnames "2.x"
      rc-motion "^2.4.3"
      rc-overflow "^1.3.1"
      rc-util "^5.27.0"
  
  rc-motion@^2.0.0, rc-motion@^2.0.1, rc-motion@^2.3.0, rc-motion@^2.3.4, rc-motion@^2.4.3, rc-motion@^2.4.4, rc-motion@^2.6.0, rc-motion@^2.6.1, rc-motion@^2.6.2, rc-motion@^2.9.0:
    version "2.9.0"
    resolved "https://registry.npmmirror.com/rc-motion/-/rc-motion-2.9.0.tgz#9e18a1b8d61e528a97369cf9a7601e9b29205710"
    integrity sha512-XIU2+xLkdIr1/h6ohPZXyPBMvOmuyFZQ/T0xnawz+Rh+gh4FINcnZmMT5UTIj6hgI0VLDjTaPeRd+smJeSPqiQ==
    dependencies:
      "@babel/runtime" "^7.11.1"
      classnames "^2.2.1"
      rc-util "^5.21.0"
  
  rc-notification@~5.1.1:
    version "5.1.1"
    resolved "https://registry.npmmirror.com/rc-notification/-/rc-notification-5.1.1.tgz#62b38890575a1726ed6c1dd0e10caf4ce45a9e69"
    integrity sha512-BPnded/WmWFE57ubqhVCgRSuedfQQNeSOYqdwppyr2B/Wt909gYFKyWAkFJVXuppAjsOGop05a93UaxjmUFdkg==
    dependencies:
      "@babel/runtime" "^7.10.1"
      classnames "2.x"
      rc-motion "^2.6.0"
      rc-util "^5.20.1"
  
  rc-overflow@^1.3.1:
    version "1.3.2"
    resolved "https://registry.npmmirror.com/rc-overflow/-/rc-overflow-1.3.2.tgz#72ee49e85a1308d8d4e3bd53285dc1f3e0bcce2c"
    integrity sha512-nsUm78jkYAoPygDAcGZeC2VwIg/IBGSodtOY3pMof4W3M9qRJgqaDYm03ZayHlde3I6ipliAxbN0RUcGf5KOzw==
    dependencies:
      "@babel/runtime" "^7.11.1"
      classnames "^2.2.1"
      rc-resize-observer "^1.0.0"
      rc-util "^5.37.0"
  
  rc-pagination@~3.6.1:
    version "3.6.1"
    resolved "https://registry.npmmirror.com/rc-pagination/-/rc-pagination-3.6.1.tgz#2db6678a57cd2f4f29d6c0416e282543af52d0df"
    integrity sha512-R/sUnKKXx1Nm4kZfUKS3YKa7yEPF1ZkVB/AynQaHt+nMER7h9wPTfliDJFdYo+RM/nk2JD4Yc5QpUq8fIQHeug==
    dependencies:
      "@babel/runtime" "^7.10.1"
      classnames "^2.2.1"
      rc-util "^5.32.2"
  
  rc-picker@~3.14.1:
    version "3.14.1"
    resolved "https://registry.npmmirror.com/rc-picker/-/rc-picker-3.14.1.tgz#54c49fc4b62d875897a78c4caaf539cb806759e5"
    integrity sha512-U3XKgD1f3OXwRD6aKyuEcZozTPPSuAzmTZO9F5F4ywrcFzSMdq2JmDzhaHH3jjD7WY8w3SaMlLBV01KmHOr5hA==
    dependencies:
      "@babel/runtime" "^7.10.1"
      "@rc-component/trigger" "^1.5.0"
      classnames "^2.2.1"
      rc-util "^5.30.0"
  
  rc-progress@~3.5.1:
    version "3.5.1"
    resolved "https://registry.npmmirror.com/rc-progress/-/rc-progress-3.5.1.tgz#a3cdfd2fe04eb5c3d43fa1c69e7dd70c73b102ae"
    integrity sha512-V6Amx6SbLRwPin/oD+k1vbPrO8+9Qf8zW1T8A7o83HdNafEVvAxPV5YsgtKFP+Ud5HghLj33zKOcEHrcrUGkfw==
    dependencies:
      "@babel/runtime" "^7.10.1"
      classnames "^2.2.6"
      rc-util "^5.16.1"
  
  rc-rate@~2.12.0:
    version "2.12.0"
    resolved "https://registry.npmmirror.com/rc-rate/-/rc-rate-2.12.0.tgz#0182deffed3b009cdcc61660da8746c39ed91ed5"
    integrity sha512-g092v5iZCdVzbjdn28FzvWebK2IutoVoiTeqoLTj9WM7SjA/gOJIw5/JFZMRyJYYVe1jLAU2UhAfstIpCNRozg==
    dependencies:
      "@babel/runtime" "^7.10.1"
      classnames "^2.2.5"
      rc-util "^5.0.1"
  
  rc-resize-observer@^1.0.0, rc-resize-observer@^1.1.0, rc-resize-observer@^1.3.1:
    version "1.3.1"
    resolved "https://registry.npmmirror.com/rc-resize-observer/-/rc-resize-observer-1.3.1.tgz#b61b9f27048001243617b81f95e53d7d7d7a6a3d"
    integrity sha512-iFUdt3NNhflbY3mwySv5CA1TC06zdJ+pfo0oc27xpf4PIOvfZwZGtD9Kz41wGYqC4SLio93RVAirSSpYlV/uYg==
    dependencies:
      "@babel/runtime" "^7.20.7"
      classnames "^2.2.1"
      rc-util "^5.27.0"
      resize-observer-polyfill "^1.5.1"
  
  rc-segmented@~2.2.2:
    version "2.2.2"
    resolved "https://registry.npmmirror.com/rc-segmented/-/rc-segmented-2.2.2.tgz#a34f12ce6c0975fc3042ae7656bcd18e1744798e"
    integrity sha512-Mq52M96QdHMsNdE/042ibT5vkcGcD5jxKp7HgPC2SRofpia99P5fkfHy1pEaajLMF/kj0+2Lkq1UZRvqzo9mSA==
    dependencies:
      "@babel/runtime" "^7.11.1"
      classnames "^2.2.1"
      rc-motion "^2.4.4"
      rc-util "^5.17.0"
  
  rc-select@~14.8.0, rc-select@~14.8.1:
    version "14.8.1"
    resolved "https://registry.npmmirror.com/rc-select/-/rc-select-14.8.1.tgz#c97f8cade80eff9a4270fad0de6cf96495a5889a"
    integrity sha512-+MDaHteiKRL4iID9Osm8zAZTe+g7/t5CjIfJJ4QhPAvwGUaNCa2kvkMqiXfOfGevscVa+agha1Ov938MeAotfQ==
    dependencies:
      "@babel/runtime" "^7.10.1"
      "@rc-component/trigger" "^1.5.0"
      classnames "2.x"
      rc-motion "^2.0.1"
      rc-overflow "^1.3.1"
      rc-util "^5.16.1"
      rc-virtual-list "^3.5.2"
  
  rc-slider@~10.2.1:
    version "10.2.1"
    resolved "https://registry.npmmirror.com/rc-slider/-/rc-slider-10.2.1.tgz#9b571d19f740adcacdde271f44901a47717fd8da"
    integrity sha512-l355C/65iV4UFp7mXq5xBTNX2/tF2g74VWiTVlTpNp+6vjE/xaHHNiQq5Af+Uu28uUiqCuH/QXs5HfADL9KJ/A==
    dependencies:
      "@babel/runtime" "^7.10.1"
      classnames "^2.2.5"
      rc-util "^5.27.0"
  
  rc-steps@~6.0.1:
    version "6.0.1"
    resolved "https://registry.npmmirror.com/rc-steps/-/rc-steps-6.0.1.tgz#c2136cd0087733f6d509209a84a5c80dc29a274d"
    integrity sha512-lKHL+Sny0SeHkQKKDJlAjV5oZ8DwCdS2hFhAkIjuQt1/pB81M0cA0ErVFdHq9+jmPmFw1vJB2F5NBzFXLJxV+g==
    dependencies:
      "@babel/runtime" "^7.16.7"
      classnames "^2.2.3"
      rc-util "^5.16.1"
  
  rc-switch@~4.1.0:
    version "4.1.0"
    resolved "https://registry.npmmirror.com/rc-switch/-/rc-switch-4.1.0.tgz#f37d81b4e0c5afd1274fd85367b17306bf25e7d7"
    integrity sha512-TI8ufP2Az9oEbvyCeVE4+90PDSljGyuwix3fV58p7HV2o4wBnVToEyomJRVyTaZeqNPAp+vqeo4Wnj5u0ZZQBg==
    dependencies:
      "@babel/runtime" "^7.21.0"
      classnames "^2.2.1"
      rc-util "^5.30.0"
  
  rc-table@~7.34.0:
    version "7.34.0"
    resolved "https://registry.npmmirror.com/rc-table/-/rc-table-7.34.0.tgz#1841f593c6b5f0958d803fb973e684f9bff946c1"
    integrity sha512-ueh5AQilBLk0i75FPQj0LekxYbYE6pUKHRNT14wpW0wSbTXfG7QD/LFQqUjdSz5UyAflC8gedmsehTuWI9bp0Q==
    dependencies:
      "@babel/runtime" "^7.10.1"
      "@rc-component/context" "^1.4.0"
      classnames "^2.2.5"
      rc-resize-observer "^1.1.0"
      rc-util "^5.36.0"
      rc-virtual-list "^3.10.7"
  
  rc-tabs@~12.12.1:
    version "12.12.1"
    resolved "https://registry.npmmirror.com/rc-tabs/-/rc-tabs-12.12.1.tgz#8639297bfcbbf77ca05f71d73fc3d31bd05e04d8"
    integrity sha512-e10VBjEkECdPl4XZSs9to81SE+mgclBTM7J8/LMsFqmJoi05Tci91bRnmeeDtrcOCx2PuZdJv57XUlC4d8PEIw==
    dependencies:
      "@babel/runtime" "^7.11.2"
      classnames "2.x"
      rc-dropdown "~4.1.0"
      rc-menu "~9.12.0"
      rc-motion "^2.6.2"
      rc-resize-observer "^1.0.0"
      rc-util "^5.34.1"
  
  rc-textarea@~1.3.0, rc-textarea@~1.3.4:
    version "1.3.4"
    resolved "https://registry.npmmirror.com/rc-textarea/-/rc-textarea-1.3.4.tgz#e77baf2202ac8f7e34a50ec9e15dd1dcb1501455"
    integrity sha512-wn0YjTpvcVolcfXa0HtzL+jgV2QcwtfB29RwNAKj8hMgZOju1V24M3TfEDjABeQEAQbUGbjMbISREOX/YSVKhg==
    dependencies:
      "@babel/runtime" "^7.10.1"
      classnames "^2.2.1"
      rc-input "~1.1.0"
      rc-resize-observer "^1.0.0"
      rc-util "^5.27.0"
  
  rc-tooltip@~6.0.1:
    version "6.0.1"
    resolved "https://registry.npmmirror.com/rc-tooltip/-/rc-tooltip-6.0.1.tgz#6a5e33bd6c3f6afe8851ea90e7af43e5c26b3cc6"
    integrity sha512-MdvPlsD1fDSxKp9+HjXrc/CxLmA/s11QYIh1R7aExxfodKP7CZA++DG1AjrW80F8IUdHYcR43HAm0Y2BYPelHA==
    dependencies:
      "@babel/runtime" "^7.11.2"
      "@rc-component/trigger" "^1.0.4"
      classnames "^2.3.1"
  
  rc-tree-select@~5.12.1:
    version "5.12.1"
    resolved "https://registry.npmmirror.com/rc-tree-select/-/rc-tree-select-5.12.1.tgz#18529549fed46d863dadd0bb11eb3f98ea5f9425"
    integrity sha512-/IC6gRgRoUBCOwZASOiF3onp1484fb+Gke5zuxgsi3ViP+O2UTUByS1jTZzjNooidRgdwiQJksq1zVaVYw2TPg==
    dependencies:
      "@babel/runtime" "^7.10.1"
      classnames "2.x"
      rc-select "~14.8.0"
      rc-tree "~5.7.0"
      rc-util "^5.16.1"
  
  rc-tree@~5.7.0, rc-tree@~5.7.10:
    version "5.7.10"
    resolved "https://registry.npmmirror.com/rc-tree/-/rc-tree-5.7.10.tgz#3d66c2a81ffd24cbb8b816e7a747f626e57cb0fc"
    integrity sha512-n4UkMQY3bzvJUNnbw6e3YI7sy2kE9c9vAYbSt94qAhcPKtMOThONNr1LIaFB/M5XeFYYrWVbvRVoT8k38eFuSQ==
    dependencies:
      "@babel/runtime" "^7.10.1"
      classnames "2.x"
      rc-motion "^2.0.1"
      rc-util "^5.16.1"
      rc-virtual-list "^3.5.1"
  
  rc-upload@~4.3.4:
    version "4.3.4"
    resolved "https://registry.npmmirror.com/rc-upload/-/rc-upload-4.3.4.tgz#83ff7d3867631c37adbfd72ea3d1fd7e97ca84af"
    integrity sha512-uVbtHFGNjHG/RyAfm9fluXB6pvArAGyAx8z7XzXXyorEgVIWj6mOlriuDm0XowDHYz4ycNK0nE0oP3cbFnzxiQ==
    dependencies:
      "@babel/runtime" "^7.18.3"
      classnames "^2.2.5"
      rc-util "^5.2.0"
  
  rc-util@^5.0.1, rc-util@^5.16.1, rc-util@^5.17.0, rc-util@^5.18.1, rc-util@^5.2.0, rc-util@^5.20.1, rc-util@^5.21.0, rc-util@^5.24.4, rc-util@^5.25.2, rc-util@^5.26.0, rc-util@^5.27.0, rc-util@^5.28.0, rc-util@^5.30.0, rc-util@^5.31.1, rc-util@^5.32.2, rc-util@^5.33.0, rc-util@^5.34.1, rc-util@^5.35.0, rc-util@^5.36.0, rc-util@^5.37.0:
    version "5.37.0"
    resolved "https://registry.npmmirror.com/rc-util/-/rc-util-5.37.0.tgz#6df9a55cb469b41b6995530a45b5f3dd3219a4ea"
    integrity sha512-cPMV8DzaHI1KDaS7XPRXAf4J7mtBqjvjikLpQieaeOO7+cEbqY2j7Kso/T0R0OiEZTNcLS/8Zl9YrlXiO9UbjQ==
    dependencies:
      "@babel/runtime" "^7.18.3"
      react-is "^16.12.0"
  
  rc-virtual-list@^3.10.7, rc-virtual-list@^3.5.1, rc-virtual-list@^3.5.2:
    version "3.10.7"
    resolved "https://registry.npmmirror.com/rc-virtual-list/-/rc-virtual-list-3.10.7.tgz#1425c78dc415fb196ab692727aae985d13c23ee5"
    integrity sha512-NZl8nsNV2kf0k9o4SHt6u/2kFBhE0SRTh71msUZkUB/rfNTBRKnhLXf8bD2jayT7TkprnbHBCPQbPqwJo2BSJw==
    dependencies:
      "@babel/runtime" "^7.20.0"
      classnames "^2.2.6"
      rc-resize-observer "^1.0.0"
      rc-util "^5.36.0"
  
  react-dialogbox@^1.5.0:
    version "1.5.0"
    resolved "https://registry.npmjs.org/react-dialogbox/-/react-dialogbox-1.5.0.tgz#0954fd93eceb8d58a6bae7602ba0a5113dd54223"
    integrity sha512-rE1lCXD1MFimrzWlWiwMVPXEf4rQUvjKbguaJIu6np4bRgoR4MRDCQDlprBA9Rzv6g/OnuRPvY7qf33UIjSF4w==
    dependencies:
      "@types/classnames" "^2.3.1"
      classnames "^2.3.1"
  
  react-dom@^18.2.0:
    version "18.2.0"
    resolved "https://registry.npmmirror.com/react-dom/-/react-dom-18.2.0.tgz#22aaf38708db2674ed9ada224ca4aa708d821e3d"
    integrity sha512-6IMTriUmvsjHUjNtEDudZfuDQUoWXVxKHhlEGSk81n4YFS+r/Kl99wXiwlVXtPBtJenozv2P+hxDsw9eA7Xo6g==
    dependencies:
      loose-envify "^1.1.0"
      scheduler "^0.23.0"
  
  react-i18next@^13.2.2:
    version "13.2.2"
    resolved "https://registry.npmmirror.com/react-i18next/-/react-i18next-13.2.2.tgz#b1e78ed66a54f4bc819616f68b98221e1b1a1936"
    integrity sha512-+nFUkbRByFwnrfDcYqvzBuaeZb+nACHx+fAWN/pZMddWOCJH5hoc21+Sa/N/Lqi6ne6/9wC/qRGOoQhJa6IkEQ==
    dependencies:
      "@babel/runtime" "^7.22.5"
      html-parse-stringify "^3.0.1"
  
  react-is@^16.12.0, react-is@^16.7.0:
    version "16.13.1"
    resolved "https://registry.npmmirror.com/react-is/-/react-is-16.13.1.tgz#789729a4dc36de2999dc156dd6c1d9c18cea56a4"
    integrity sha512-24e6ynE2H+OKt4kqsOvNd8kBpV65zoxbA4BVsEOB3ARVWQki/DHzaUoC5KuON/BiccDaCCTZBuOcfZs70kR8bQ==
  
  react-is@^18.0.0:
    version "18.2.0"
    resolved "https://registry.npmmirror.com/react-is/-/react-is-18.2.0.tgz#199431eeaaa2e09f86427efbb4f1473edb47609b"
    integrity sha512-xWGDIW6x921xtzPkhiULtthJHoJvBbF3q26fzloPCK0hsvxtPVelvftw3zjbHWSkR2km9Z+4uxbDDK/6Zw9B8w==
  
  react-redux@^8.1.2:
    version "8.1.2"
    resolved "https://registry.npmmirror.com/react-redux/-/react-redux-8.1.2.tgz#9076bbc6b60f746659ad6d51cb05de9c5e1e9188"
    integrity sha512-xJKYI189VwfsFc4CJvHqHlDrzyFTY/3vZACbE+rr/zQ34Xx1wQfB4OTOSeOSNrF6BDVe8OOdxIrAnMGXA3ggfw==
    dependencies:
      "@babel/runtime" "^7.12.1"
      "@types/hoist-non-react-statics" "^3.3.1"
      "@types/use-sync-external-store" "^0.0.3"
      hoist-non-react-statics "^3.3.2"
      react-is "^18.0.0"
      use-sync-external-store "^1.0.0"
  
  react-refresh@^0.14.0:
    version "0.14.0"
    resolved "https://registry.npmmirror.com/react-refresh/-/react-refresh-0.14.0.tgz#4e02825378a5f227079554d4284889354e5f553e"
    integrity sha512-wViHqhAd8OHeLS/IRMJjTSDHF3U9eWi62F/MledQGPdJGDhodXJ9PBLNGr6WWL7qlH12Mt3TyTpbS+hGXMjCzQ==
  
  react-router-dom@^6.16.0:
    version "6.16.0"
    resolved "https://registry.npmmirror.com/react-router-dom/-/react-router-dom-6.16.0.tgz#86f24658da35eb66727e75ecbb1a029e33ee39d9"
    integrity sha512-aTfBLv3mk/gaKLxgRDUPbPw+s4Y/O+ma3rEN1u8EgEpLpPe6gNjIsWt9rxushMHHMb7mSwxRGdGlGdvmFsyPIg==
    dependencies:
      "@remix-run/router" "1.9.0"
      react-router "6.16.0"
  
  react-router@6.16.0:
    version "6.16.0"
    resolved "https://registry.npmmirror.com/react-router/-/react-router-6.16.0.tgz#abbf3d5bdc9c108c9b822a18be10ee004096fb81"
    integrity sha512-VT4Mmc4jj5YyjpOi5jOf0I+TYzGpvzERy4ckNSvSh2RArv8LLoCxlsZ2D+tc7zgjxcY34oTz2hZaeX5RVprKqA==
    dependencies:
      "@remix-run/router" "1.9.0"
  
  react@^18.2.0:
    version "18.2.0"
    resolved "https://registry.npmmirror.com/react/-/react-18.2.0.tgz#555bd98592883255fa00de14f1151a917b5d77d5"
    integrity sha512-/3IjMdb2L9QbBdWiW5e3P2/npwMBaU9mHCSCUzNln0ZCYbcfTsGbTJrU/kGemdH2IWmB2ioZ+zkxtmq6g09fGQ==
    dependencies:
      loose-envify "^1.1.0"
  
  redux-thunk@^2.4.2:
    version "2.4.2"
    resolved "https://registry.npmmirror.com/redux-thunk/-/redux-thunk-2.4.2.tgz#b9d05d11994b99f7a91ea223e8b04cf0afa5ef3b"
    integrity sha512-+P3TjtnP0k/FEjcBL5FZpoovtvrTNT/UXd4/sluaSyrURlSlhLSzEdfsTBW7WsKB6yPvgd7q/iZPICFjW4o57Q==
  
  redux@^4.2.1:
    version "4.2.1"
    resolved "https://registry.npmmirror.com/redux/-/redux-4.2.1.tgz#c08f4306826c49b5e9dc901dee0452ea8fce6197"
    integrity sha512-LAUYz4lc+Do8/g7aeRa8JkyDErK6ekstQaqWQrNRW//MY1TvCEpMtpTWvlQ+FPbWCx+Xixu/6SHt5N0HR+SB4w==
    dependencies:
      "@babel/runtime" "^7.9.2"
  
  regenerator-runtime@^0.14.0:
    version "0.14.0"
    resolved "https://registry.npmmirror.com/regenerator-runtime/-/regenerator-runtime-0.14.0.tgz#5e19d68eb12d486f797e15a3c6a918f7cec5eb45"
    integrity sha512-srw17NI0TUWHuGa5CFGGmhfNIeja30WMBfbslPNhf6JrqQlLN5gcrvig1oqPxiVaXb0oW0XRKtH6Nngs5lKCIA==
  
  reselect@^4.1.8:
    version "4.1.8"
    resolved "https://registry.npmmirror.com/reselect/-/reselect-4.1.8.tgz#3f5dc671ea168dccdeb3e141236f69f02eaec524"
    integrity sha512-ab9EmR80F/zQTMNeneUr4cv+jSwPJgIlvEmVwLerwrWVbpLlBuls9XHzIeTFy4cegU2NHBp3va0LKOzU5qFEYQ==
  
  resize-observer-polyfill@^1.5.1:
    version "1.5.1"
    resolved "https://registry.npmmirror.com/resize-observer-polyfill/-/resize-observer-polyfill-1.5.1.tgz#0e9020dd3d21024458d4ebd27e23e40269810464"
    integrity sha512-LwZrotdHOo12nQuZlHEmtuXdqGoOD0OhaxopaNFxWzInpEgaLWoVuAMbTzixuosCx2nEG58ngzW3vxdWoxIgdg==
  
  rollup@^3.27.1:
    version "3.29.1"
    resolved "https://registry.npmmirror.com/rollup/-/rollup-3.29.1.tgz#ba53a179d46ac3cd79e162dca6ab70d93cd26f78"
    integrity sha512-c+ebvQz0VIH4KhhCpDsI+Bik0eT8ZFEVZEYw0cGMVqIP8zc+gnwl7iXCamTw7vzv2MeuZFZfdx5JJIq+ehzDlg==
    optionalDependencies:
      fsevents "~2.3.2"
  
  "safer-buffer@>= 2.1.2 < 3.0.0":
    version "2.1.2"
    resolved "https://registry.npmmirror.com/safer-buffer/-/safer-buffer-2.1.2.tgz#44fa161b0187b9549dd84bb91802f9bd8385cd6a"
    integrity sha512-YZo3K82SD7Riyi0E1EQPojLz7kpepnSQI9IyPbHHg1XXXevb5dJI7tpyN2ADxGcQbHG7vcyRHk0cbwqcQriUtg==
  
  sax@^1.2.4:
    version "1.2.4"
    resolved "https://registry.npmmirror.com/sax/-/sax-1.2.4.tgz#2816234e2378bddc4e5354fab5caa895df7100d9"
    integrity sha512-NqVDv9TpANUjFm0N8uM5GxL36UgKi9/atZw+x7YFnQ8ckwFGKrl4xX4yWtrey3UJm5nP1kUbnYgLopqWNSRhWw==
  
  scheduler@^0.23.0:
    version "0.23.0"
    resolved "https://registry.npmmirror.com/scheduler/-/scheduler-0.23.0.tgz#ba8041afc3d30eb206a487b6b384002e4e61fdfe"
    integrity sha512-CtuThmgHNg7zIZWAXi3AsyIzA3n4xx7aNyjwC2VJldO2LMVDhFK+63xGqq6CsJH4rTAt6/M+N4GhZiDYPx9eUw==
    dependencies:
      loose-envify "^1.1.0"
  
  scroll-into-view-if-needed@^3.0.3:
    version "3.1.0"
    resolved "https://registry.npmmirror.com/scroll-into-view-if-needed/-/scroll-into-view-if-needed-3.1.0.tgz#fa9524518c799b45a2ef6bbffb92bcad0296d01f"
    integrity sha512-49oNpRjWRvnU8NyGVmUaYG4jtTkNonFZI86MmGRDqBphEK2EXT9gdEUoQPZhuBM8yWHxCWbobltqYO5M4XrUvQ==
    dependencies:
      compute-scroll-into-view "^3.0.2"
  
  semver@^5.6.0:
    version "5.7.2"
    resolved "https://registry.npmmirror.com/semver/-/semver-5.7.2.tgz#48d55db737c3287cd4835e17fa13feace1c41ef8"
    integrity sha512-cBznnQ9KjJqU67B52RMC65CMarK2600WFnbkcaiwWq3xy/5haFJlshgnpjovMVJ+Hff49d8GEn0b87C5pDQ10g==
  
  semver@^6.3.1:
    version "6.3.1"
    resolved "https://registry.npmmirror.com/semver/-/semver-6.3.1.tgz#556d2ef8689146e46dcea4bfdd095f3434dffcb4"
    integrity sha512-BR7VvDCVHO+q2xBEWskxS6DJE1qRnb7DxzUrogb71CWoSficBxYsiAGd+Kl0mmq/MprG9yArRkyrQxTO6XjMzA==
  
  single-spa@^5.9.2:
    version "5.9.5"
    resolved "https://registry.npmmirror.com/single-spa/-/single-spa-5.9.5.tgz#f47b3c91b009ebc3b224dd1086ef2b2dac524373"
    integrity sha512-9SQdmsyz4HSP+3gs6PJzhkaMEg+6zTlu9oxIghnwUX3eq+ajq4ft5egl0iyR55LAmO/UwvU8NgIWs/ZyQMa6dw==
  
  source-map-js@^1.0.2:
    version "1.0.2"
    resolved "https://registry.npmmirror.com/source-map-js/-/source-map-js-1.0.2.tgz#adbc361d9c62df380125e7f161f71c826f1e490c"
    integrity sha512-R0XvVJ9WusLiqTCEiGCmICCMplcCkIwwR11mOSD9CR5u+IXYdiseeEuXCVAjS54zqwkLcPNnmU4OeJ6tUrWhDw==
  
  source-map@~0.6.0:
    version "0.6.1"
    resolved "https://registry.npmmirror.com/source-map/-/source-map-0.6.1.tgz#74722af32e9614e9c287a8d0bbde48b5e2f1a263"
    integrity sha512-UjgapumWlbMhkBgzT7Ykc5YXUT46F0iKu8SGXq0bcwP5dz/h0Plj6enJqjz1Zbq2l5WaqYnrVbwWOWMyF3F47g==
  
  string-convert@^0.2.0:
    version "0.2.1"
    resolved "https://registry.npmmirror.com/string-convert/-/string-convert-0.2.1.tgz#6982cc3049fbb4cd85f8b24568b9d9bf39eeff97"
    integrity sha512-u/1tdPl4yQnPBjnVrmdLo9gtuLvELKsAoRapekWggdiQNvvvum+jYF329d84NAa660KQw7pB2n36KrIKVoXa3A==
  
  stylis@^4.0.13:
    version "4.3.0"
    resolved "https://registry.npmmirror.com/stylis/-/stylis-4.3.0.tgz#abe305a669fc3d8777e10eefcfc73ad861c5588c"
    integrity sha512-E87pIogpwUsUwXw7dNyU4QDjdgVMy52m+XEOPEKUn161cCzWjjhPSQhByfd1CcNvrOLnXQ6OnnZDwnJrz/Z4YQ==
  
  supports-color@^5.3.0:
    version "5.5.0"
    resolved "https://registry.npmmirror.com/supports-color/-/supports-color-5.5.0.tgz#e2e69a44ac8772f78a1ec0b35b689df6530efc8f"
    integrity sha512-QjVjwdXIt408MIiAqCX4oUKsgU2EqAGzs2Ppkm4aQYbjm+ZEWEcW4SfFNTr4uMNZma0ey4f5lgLrkB0aX0QMow==
    dependencies:
      has-flag "^3.0.0"
  
  throttle-debounce@^5.0.0:
    version "5.0.0"
    resolved "https://registry.npmmirror.com/throttle-debounce/-/throttle-debounce-5.0.0.tgz#a17a4039e82a2ed38a5e7268e4132d6960d41933"
    integrity sha512-2iQTSgkkc1Zyk0MeVrt/3BvuOXYPl/R8Z0U2xxo9rjwNciaHDG3R+Lm6dh4EeUci49DanvBnuqI6jshoQQRGEg==
  
  to-fast-properties@^2.0.0:
    version "2.0.0"
    resolved "https://registry.npmmirror.com/to-fast-properties/-/to-fast-properties-2.0.0.tgz#dc5e698cbd079265bc73e0377681a4e4e83f616e"
    integrity sha512-/OaKK0xYrs3DmxRYqL/yDc+FxFUVYhDlXMhRmv3z915w2HF1tnN1omB354j8VUGO/hbRzyD6Y3sA7v7GS/ceog==
  
  toggle-selection@^1.0.6:
    version "1.0.6"
    resolved "https://registry.npmmirror.com/toggle-selection/-/toggle-selection-1.0.6.tgz#6e45b1263f2017fa0acc7d89d78b15b8bf77da32"
    integrity sha512-BiZS+C1OS8g/q2RRbJmy59xpyghNBqrr6k5L/uKBGRsTfxmu3ffiRnd8mlGPUVayg8pvfi5urfnu8TU7DVOkLQ==
  
  tslib@^2.3.0:
    version "2.6.2"
    resolved "https://registry.npmmirror.com/tslib/-/tslib-2.6.2.tgz#703ac29425e7b37cd6fd456e92404d46d1f3e4ae"
    integrity sha512-AEYxH93jGFPn/a2iVAwW87VuUIkR1FVUKB77NwMF7nBTDkDrrT/Hpt/IrCJ0QXhW27jTBDcf5ZY7w6RiqTMw2Q==
  
  update-browserslist-db@^1.0.11:
    version "1.0.11"
    resolved "https://registry.npmmirror.com/update-browserslist-db/-/update-browserslist-db-1.0.11.tgz#9a2a641ad2907ae7b3616506f4b977851db5b940"
    integrity sha512-dCwEFf0/oT85M1fHBg4F0jtLwJrutGoHSQXCh7u4o2t1drG+c0a9Flnqww6XUKSfQMPpJBRjU8d4RXB09qtvaA==
    dependencies:
      escalade "^3.1.1"
      picocolors "^1.0.0"
  
  use-sync-external-store@^1.0.0:
    version "1.2.0"
    resolved "https://registry.npmmirror.com/use-sync-external-store/-/use-sync-external-store-1.2.0.tgz#7dbefd6ef3fe4e767a0cf5d7287aacfb5846928a"
    integrity sha512-eEgnFxGQ1Ife9bzYs6VLi8/4X6CObHMw9Qr9tPY43iKwsPw8xE8+EFsf/2cFZ5S3esXgpWgtSCtLNS41F+sKPA==
  
  vite@^4.4.9:
    version "4.4.9"
    resolved "https://registry.npmmirror.com/vite/-/vite-4.4.9.tgz#1402423f1a2f8d66fd8d15e351127c7236d29d3d"
    integrity sha512-2mbUn2LlUmNASWwSCNSJ/EG2HuSRTnVNaydp6vMCm5VIqJsjMfbIWtbH2kDuwUVW5mMUKKZvGPX/rqeqVvv1XA==
    dependencies:
      esbuild "^0.18.10"
      postcss "^8.4.27"
      rollup "^3.27.1"
    optionalDependencies:
      fsevents "~2.3.2"
  
  void-elements@3.1.0:
    version "3.1.0"
    resolved "https://registry.npmmirror.com/void-elements/-/void-elements-3.1.0.tgz#614f7fbf8d801f0bb5f0661f5b2f5785750e4f09"
    integrity sha512-Dhxzh5HZuiHQhbvTW9AMetFfBHDMYpo23Uo9btPXgdYP+3T5S+p+jgNy7spra+veYhBP2dCSgxR/i2Y02h5/6w==
  
  yallist@^3.0.2:
    version "3.1.1"
    resolved "https://registry.npmmirror.com/yallist/-/yallist-3.1.1.tgz#dbb7daf9bfd8bac9ab45ebf602b8cbad0d5d08fd"
    integrity sha512-a4UGQaWPH59mOXUYnAG2ewncQS4i4F43Tv3JoAM+s2VDAmS9NsK8GpDMLrCHPksFT7h3K6TOoUNn2pb7RoXx4g==
